<?xml version="1.0" encoding="UTF-8"?>
<testsuite name="com.baha.sushigarden.CartServiceTest" tests="5" skipped="0" failures="0" errors="0" timestamp="2026-05-23T17:05:19" hostname="MacBookProM4-48GB.local" time="0.014">
  <properties/>
  <testcase name="incrementQuantity increases quantity" classname="com.baha.sushigarden.CartServiceTest" time="0.004"/>
  <testcase name="addProduct adds item to cart" classname="com.baha.sushigarden.CartServiceTest" time="0.001"/>
  <testcase name="toggleAddOn adds and removes addon" classname="com.baha.sushigarden.CartServiceTest" time="0.007"/>
  <testcase name="decrementQuantity removes item at 1" classname="com.baha.sushigarden.CartServiceTest" time="0.001"/>
  <testcase name="clear empties cart" classname="com.baha.sushigarden.CartServiceTest" time="0.001"/>
  <system-out><![CDATA[]]></system-out>
  <system-err><![CDATA[]]></system-err>
</testsuite>
