<?xml version="1.0" encoding="UTF-8"?>
<testsuite name="com.baha.sushigarden.CatalogViewModelTest" tests="4" skipped="0" failures="0" errors="0" timestamp="2026-05-23T17:05:19" hostname="MacBookProM4-48GB.local" time="0.001">
  <properties/>
  <testcase name="selectCategory switches products" classname="com.baha.sushigarden.CatalogViewModelTest" time="0.001"/>
  <testcase name="initial state selects rolls category" classname="com.baha.sushigarden.CatalogViewModelTest" time="0.0"/>
  <testcase name="categories list contains all" classname="com.baha.sushigarden.CatalogViewModelTest" time="0.0"/>
  <testcase name="selectCategory filters products" classname="com.baha.sushigarden.CatalogViewModelTest" time="0.0"/>
  <system-out><![CDATA[]]></system-out>
  <system-err><![CDATA[]]></system-err>
</testsuite>
