<?xml version="1.0" encoding="UTF-8"?>
<testsuite name="com.baha.sushigarden.MenuRepositoryTest" tests="6" skipped="0" failures="0" errors="0" timestamp="2026-05-23T17:05:19" hostname="MacBookProM4-48GB.local" time="0.001">
  <properties/>
  <testcase name="getBanners returns banners" classname="com.baha.sushigarden.MenuRepositoryTest" time="0.0"/>
  <testcase name="getProductById returns null for unknown" classname="com.baha.sushigarden.MenuRepositoryTest" time="0.0"/>
  <testcase name="getProductById returns correct product" classname="com.baha.sushigarden.MenuRepositoryTest" time="0.0"/>
  <testcase name="getProducts returns all items" classname="com.baha.sushigarden.MenuRepositoryTest" time="0.0"/>
  <testcase name="getProductsByCategory returns filtered items" classname="com.baha.sushigarden.MenuRepositoryTest" time="0.0"/>
  <testcase name="getCategories returns all categories" classname="com.baha.sushigarden.MenuRepositoryTest" time="0.0"/>
  <system-out><![CDATA[]]></system-out>
  <system-err><![CDATA[]]></system-err>
</testsuite>
