<?xml version='1.0' encoding='UTF-8' ?>
<testsuite name="com.baha.sushigarden.AuthFlowTest" tests="22" failures="22" errors="0" skipped="0" time="1.044" timestamp="2026-05-23T17:10:48" hostname="localhost">
  <properties>
    <property name="device" value="Pixel_8_API_36(AVD) - 16" />
    <property name="flavor" value="" />
    <property name="project" value=":app" />
  </properties>
  <testcase name="register_withInvalidEmail_showsError" classname="com.baha.sushigarden.AuthFlowTest" time="0.113">
    <failure>java.lang.RuntimeException: Intent in process com.baha.sushigarden resolved to different process com.baha.sushigarden.test: Intent { act=android.intent.action.MAIN cat=[android.intent.category.LAUNCHER] flg=0x10008000 cmp=com.baha.sushigarden.test/com.baha.sushigarden.HiltTestActivity }
at android.app.Instrumentation.startActivitySync(Instrumentation.java:607)
at androidx.test.core.app.InstrumentationActivityInvoker.startActivity(InstrumentationActivityInvoker.java:422)
at androidx.test.core.app.InstrumentationActivityInvoker.startActivity(InstrumentationActivityInvoker.java:428)
at androidx.test.core.app.ActivityScenario.launchInternal(ActivityScenario.java:367)
at androidx.test.core.app.ActivityScenario.launch(ActivityScenario.java:203)
at androidx.test.ext.junit.rules.ActivityScenarioRule.lambda$new$0(ActivityScenarioRule.java:77)
at androidx.test.ext.junit.rules.ActivityScenarioRule$$ExternalSyntheticLambda2.get(D8$$SyntheticClass:0)
at androidx.test.ext.junit.rules.ActivityScenarioRule.before(ActivityScenarioRule.java:112)
at org.junit.rules.ExternalResource$1.evaluate(ExternalResource.java:50)
at androidx.compose.ui.test.junit4.AndroidComposeTestRule$apply$1$evaluate$1.invoke(AndroidComposeTestRule.android.kt:272)
at androidx.compose.ui.test.junit4.AndroidComposeTestRule$apply$1$evaluate$1.invoke(AndroidComposeTestRule.android.kt:271)
at androidx.compose.ui.test.AndroidComposeUiTestEnvironment$AndroidComposeUiTestImpl.withDisposableContent(ComposeUiTest.android.kt:505)
at androidx.compose.ui.test.AndroidComposeUiTestEnvironment$runTest$1$1$1$1$1$1.invoke(ComposeUiTest.android.kt:333)
at androidx.compose.ui.test.AndroidComposeUiTestEnvironment.withComposeIdlingResource(ComposeUiTest.android.kt:385)
at androidx.compose.ui.test.AndroidComposeUiTestEnvironment.access$withComposeIdlingResource(ComposeUiTest.android.kt:219)
at androidx.compose.ui.test.AndroidComposeUiTestEnvironment$runTest$1$1$1$1$1.invoke(ComposeUiTest.android.kt:332)
at androidx.compose.ui.test.AndroidComposeUiTestEnvironment.withWindowRecomposer(ComposeUiTest.android.kt:359)
at androidx.compose.ui.test.AndroidComposeUiTestEnvironment.access$withWindowRecomposer(ComposeUiTest.android.kt:219)
at androidx.compose.ui.test.AndroidComposeUiTestEnvironment$runTest$1$1$1$1.invoke(ComposeUiTest.android.kt:331)
at androidx.compose.ui.test.AndroidComposeUiTestEnvironment.withTestCoroutines(ComposeUiTest.android.kt:372)
at androidx.compose.ui.test.AndroidComposeUiTestEnvironment.access$withTestCoroutines(ComposeUiTest.android.kt:219)
at androidx.compose.ui.test.AndroidComposeUiTestEnvironment$runTest$1$1$1.invoke(ComposeUiTest.android.kt:330)
at androidx.compose.ui.test.EspressoLink.withStrategy(EspressoLink.android.kt:66)
at androidx.compose.ui.test.AndroidComposeUiTestEnvironment$runTest$1$1.invoke(ComposeUiTest.android.kt:329)
at androidx.compose.ui.test.IdlingResourceRegistry.withRegistry(IdlingResourceRegistry.jvm.kt:155)
at androidx.compose.ui.test.AndroidComposeUiTestEnvironment$runTest$1.invoke(ComposeUiTest.android.kt:328)
at androidx.compose.ui.test.ComposeRootRegistry.withRegistry(ComposeRootRegistry.android.kt:146)
at androidx.compose.ui.test.AndroidComposeUiTestEnvironment.runTest(ComposeUiTest.android.kt:327)
at androidx.compose.ui.test.junit4.AndroidComposeTestRule$apply$1.evaluate(AndroidComposeTestRule.android.kt:271)
at dagger.hilt.android.internal.testing.MarkThatRulesRanRule$1.evaluate(MarkThatRulesRanRule.java:108)
at org.junit.runners.ParentRunner$3.evaluate(ParentRunner.java:306)
at org.junit.runners.BlockJUnit4ClassRunner$1.evaluate(BlockJUnit4ClassRunner.java:100)
at org.junit.runners.ParentRunner.runLeaf(ParentRunner.java:366)
at org.junit.runners.BlockJUnit4ClassRunner.runChild(BlockJUnit4ClassRunner.java:103)
at org.junit.runners.BlockJUnit4ClassRunner.runChild(BlockJUnit4ClassRunner.java:63)
at org.junit.runners.ParentRunner$4.run(ParentRunner.java:331)
at org.junit.runners.ParentRunner$1.schedule(ParentRunner.java:79)
at org.junit.runners.ParentRunner.runChildren(ParentRunner.java:329)
at org.junit.runners.ParentRunner.access$100(ParentRunner.java:66)
at org.junit.runners.ParentRunner$2.evaluate(ParentRunner.java:293)
at org.junit.runners.ParentRunner$3.evaluate(ParentRunner.java:306)
at org.junit.runners.ParentRunner.run(ParentRunner.java:413)
at org.junit.runners.Suite.runChild(Suite.java:128)
at org.junit.runners.Suite.runChild(Suite.java:27)
at org.junit.runners.ParentRunner$4.run(ParentRunner.java:331)
at org.junit.runners.ParentRunner$1.schedule(ParentRunner.java:79)
at org.junit.runners.ParentRunner.runChildren(ParentRunner.java:329)
at org.junit.runners.ParentRunner.access$100(ParentRunner.java:66)
at org.junit.runners.ParentRunner$2.evaluate(ParentRunner.java:293)
at org.junit.runners.ParentRunner$3.evaluate(ParentRunner.java:306)
at org.junit.runners.ParentRunner.run(ParentRunner.java:413)
at org.junit.runner.JUnitCore.run(JUnitCore.java:137)
at org.junit.runner.JUnitCore.run(JUnitCore.java:115)
at androidx.test.internal.runner.TestExecutor.execute(TestExecutor.java:68)
at androidx.test.internal.runner.TestExecutor.execute(TestExecutor.java:59)
at androidx.test.runner.AndroidJUnitRunner.onStart(AndroidJUnitRunner.java:463)
at android.app.Instrumentation$InstrumentationThread.run(Instrumentation.java:2597)
</failure>
  </testcase>
  <testcase name="loginWithShortPassword_showsError" classname="com.baha.sushigarden.AuthFlowTest" time="0.028">
    <failure>java.lang.RuntimeException: Intent in process com.baha.sushigarden resolved to different process com.baha.sushigarden.test: Intent { act=android.intent.action.MAIN cat=[android.intent.category.LAUNCHER] flg=0x10008000 cmp=com.baha.sushigarden.test/com.baha.sushigarden.HiltTestActivity }
at android.app.Instrumentation.startActivitySync(Instrumentation.java:607)
at androidx.test.core.app.InstrumentationActivityInvoker.startActivity(InstrumentationActivityInvoker.java:422)
at androidx.test.core.app.InstrumentationActivityInvoker.startActivity(InstrumentationActivityInvoker.java:428)
at androidx.test.core.app.ActivityScenario.launchInternal(ActivityScenario.java:367)
at androidx.test.core.app.ActivityScenario.launch(ActivityScenario.java:203)
at androidx.test.ext.junit.rules.ActivityScenarioRule.lambda$new$0(ActivityScenarioRule.java:77)
at androidx.test.ext.junit.rules.ActivityScenarioRule$$ExternalSyntheticLambda2.get(D8$$SyntheticClass:0)
at androidx.test.ext.junit.rules.ActivityScenarioRule.before(ActivityScenarioRule.java:112)
at org.junit.rules.ExternalResource$1.evaluate(ExternalResource.java:50)
at androidx.compose.ui.test.junit4.AndroidComposeTestRule$apply$1$evaluate$1.invoke(AndroidComposeTestRule.android.kt:272)
at androidx.compose.ui.test.junit4.AndroidComposeTestRule$apply$1$evaluate$1.invoke(AndroidComposeTestRule.android.kt:271)
at androidx.compose.ui.test.AndroidComposeUiTestEnvironment$AndroidComposeUiTestImpl.withDisposableContent(ComposeUiTest.android.kt:505)
at androidx.compose.ui.test.AndroidComposeUiTestEnvironment$runTest$1$1$1$1$1$1.invoke(ComposeUiTest.android.kt:333)
at androidx.compose.ui.test.AndroidComposeUiTestEnvironment.withComposeIdlingResource(ComposeUiTest.android.kt:385)
at androidx.compose.ui.test.AndroidComposeUiTestEnvironment.access$withComposeIdlingResource(ComposeUiTest.android.kt:219)
at androidx.compose.ui.test.AndroidComposeUiTestEnvironment$runTest$1$1$1$1$1.invoke(ComposeUiTest.android.kt:332)
at androidx.compose.ui.test.AndroidComposeUiTestEnvironment.withWindowRecomposer(ComposeUiTest.android.kt:359)
at androidx.compose.ui.test.AndroidComposeUiTestEnvironment.access$withWindowRecomposer(ComposeUiTest.android.kt:219)
at androidx.compose.ui.test.AndroidComposeUiTestEnvironment$runTest$1$1$1$1.invoke(ComposeUiTest.android.kt:331)
at androidx.compose.ui.test.AndroidComposeUiTestEnvironment.withTestCoroutines(ComposeUiTest.android.kt:372)
at androidx.compose.ui.test.AndroidComposeUiTestEnvironment.access$withTestCoroutines(ComposeUiTest.android.kt:219)
at androidx.compose.ui.test.AndroidComposeUiTestEnvironment$runTest$1$1$1.invoke(ComposeUiTest.android.kt:330)
at androidx.compose.ui.test.EspressoLink.withStrategy(EspressoLink.android.kt:66)
at androidx.compose.ui.test.AndroidComposeUiTestEnvironment$runTest$1$1.invoke(ComposeUiTest.android.kt:329)
at androidx.compose.ui.test.IdlingResourceRegistry.withRegistry(IdlingResourceRegistry.jvm.kt:155)
at androidx.compose.ui.test.AndroidComposeUiTestEnvironment$runTest$1.invoke(ComposeUiTest.android.kt:328)
at androidx.compose.ui.test.ComposeRootRegistry.withRegistry(ComposeRootRegistry.android.kt:146)
at androidx.compose.ui.test.AndroidComposeUiTestEnvironment.runTest(ComposeUiTest.android.kt:327)
at androidx.compose.ui.test.junit4.AndroidComposeTestRule$apply$1.evaluate(AndroidComposeTestRule.android.kt:271)
at dagger.hilt.android.internal.testing.MarkThatRulesRanRule$1.evaluate(MarkThatRulesRanRule.java:108)
at org.junit.runners.ParentRunner$3.evaluate(ParentRunner.java:306)
at org.junit.runners.BlockJUnit4ClassRunner$1.evaluate(BlockJUnit4ClassRunner.java:100)
at org.junit.runners.ParentRunner.runLeaf(ParentRunner.java:366)
at org.junit.runners.BlockJUnit4ClassRunner.runChild(BlockJUnit4ClassRunner.java:103)
at org.junit.runners.BlockJUnit4ClassRunner.runChild(BlockJUnit4ClassRunner.java:63)
at org.junit.runners.ParentRunner$4.run(ParentRunner.java:331)
at org.junit.runners.ParentRunner$1.schedule(ParentRunner.java:79)
at org.junit.runners.ParentRunner.runChildren(ParentRunner.java:329)
at org.junit.runners.ParentRunner.access$100(ParentRunner.java:66)
at org.junit.runners.ParentRunner$2.evaluate(ParentRunner.java:293)
at org.junit.runners.ParentRunner$3.evaluate(ParentRunner.java:306)
at org.junit.runners.ParentRunner.run(ParentRunner.java:413)
at org.junit.runners.Suite.runChild(Suite.java:128)
at org.junit.runners.Suite.runChild(Suite.java:27)
at org.junit.runners.ParentRunner$4.run(ParentRunner.java:331)
at org.junit.runners.ParentRunner$1.schedule(ParentRunner.java:79)
at org.junit.runners.ParentRunner.runChildren(ParentRunner.java:329)
at org.junit.runners.ParentRunner.access$100(ParentRunner.java:66)
at org.junit.runners.ParentRunner$2.evaluate(ParentRunner.java:293)
at org.junit.runners.ParentRunner$3.evaluate(ParentRunner.java:306)
at org.junit.runners.ParentRunner.run(ParentRunner.java:413)
at org.junit.runner.JUnitCore.run(JUnitCore.java:137)
at org.junit.runner.JUnitCore.run(JUnitCore.java:115)
at androidx.test.internal.runner.TestExecutor.execute(TestExecutor.java:68)
at androidx.test.internal.runner.TestExecutor.execute(TestExecutor.java:59)
at androidx.test.runner.AndroidJUnitRunner.onStart(AndroidJUnitRunner.java:463)
at android.app.Instrumentation$InstrumentationThread.run(Instrumentation.java:2597)
</failure>
  </testcase>
  <testcase name="registerScreen_displaysCorrectTitle" classname="com.baha.sushigarden.AuthFlowTest" time="0.004">
    <failure>java.lang.RuntimeException: Intent in process com.baha.sushigarden resolved to different process com.baha.sushigarden.test: Intent { act=android.intent.action.MAIN cat=[android.intent.category.LAUNCHER] flg=0x10008000 cmp=com.baha.sushigarden.test/com.baha.sushigarden.HiltTestActivity }
at android.app.Instrumentation.startActivitySync(Instrumentation.java:607)
at androidx.test.core.app.InstrumentationActivityInvoker.startActivity(InstrumentationActivityInvoker.java:422)
at androidx.test.core.app.InstrumentationActivityInvoker.startActivity(InstrumentationActivityInvoker.java:428)
at androidx.test.core.app.ActivityScenario.launchInternal(ActivityScenario.java:367)
at androidx.test.core.app.ActivityScenario.launch(ActivityScenario.java:203)
at androidx.test.ext.junit.rules.ActivityScenarioRule.lambda$new$0(ActivityScenarioRule.java:77)
at androidx.test.ext.junit.rules.ActivityScenarioRule$$ExternalSyntheticLambda2.get(D8$$SyntheticClass:0)
at androidx.test.ext.junit.rules.ActivityScenarioRule.before(ActivityScenarioRule.java:112)
at org.junit.rules.ExternalResource$1.evaluate(ExternalResource.java:50)
at androidx.compose.ui.test.junit4.AndroidComposeTestRule$apply$1$evaluate$1.invoke(AndroidComposeTestRule.android.kt:272)
at androidx.compose.ui.test.junit4.AndroidComposeTestRule$apply$1$evaluate$1.invoke(AndroidComposeTestRule.android.kt:271)
at androidx.compose.ui.test.AndroidComposeUiTestEnvironment$AndroidComposeUiTestImpl.withDisposableContent(ComposeUiTest.android.kt:505)
at androidx.compose.ui.test.AndroidComposeUiTestEnvironment$runTest$1$1$1$1$1$1.invoke(ComposeUiTest.android.kt:333)
at androidx.compose.ui.test.AndroidComposeUiTestEnvironment.withComposeIdlingResource(ComposeUiTest.android.kt:385)
at androidx.compose.ui.test.AndroidComposeUiTestEnvironment.access$withComposeIdlingResource(ComposeUiTest.android.kt:219)
at androidx.compose.ui.test.AndroidComposeUiTestEnvironment$runTest$1$1$1$1$1.invoke(ComposeUiTest.android.kt:332)
at androidx.compose.ui.test.AndroidComposeUiTestEnvironment.withWindowRecomposer(ComposeUiTest.android.kt:359)
at androidx.compose.ui.test.AndroidComposeUiTestEnvironment.access$withWindowRecomposer(ComposeUiTest.android.kt:219)
at androidx.compose.ui.test.AndroidComposeUiTestEnvironment$runTest$1$1$1$1.invoke(ComposeUiTest.android.kt:331)
at androidx.compose.ui.test.AndroidComposeUiTestEnvironment.withTestCoroutines(ComposeUiTest.android.kt:372)
at androidx.compose.ui.test.AndroidComposeUiTestEnvironment.access$withTestCoroutines(ComposeUiTest.android.kt:219)
at androidx.compose.ui.test.AndroidComposeUiTestEnvironment$runTest$1$1$1.invoke(ComposeUiTest.android.kt:330)
at androidx.compose.ui.test.EspressoLink.withStrategy(EspressoLink.android.kt:66)
at androidx.compose.ui.test.AndroidComposeUiTestEnvironment$runTest$1$1.invoke(ComposeUiTest.android.kt:329)
at androidx.compose.ui.test.IdlingResourceRegistry.withRegistry(IdlingResourceRegistry.jvm.kt:155)
at androidx.compose.ui.test.AndroidComposeUiTestEnvironment$runTest$1.invoke(ComposeUiTest.android.kt:328)
at androidx.compose.ui.test.ComposeRootRegistry.withRegistry(ComposeRootRegistry.android.kt:146)
at androidx.compose.ui.test.AndroidComposeUiTestEnvironment.runTest(ComposeUiTest.android.kt:327)
at androidx.compose.ui.test.junit4.AndroidComposeTestRule$apply$1.evaluate(AndroidComposeTestRule.android.kt:271)
at dagger.hilt.android.internal.testing.MarkThatRulesRanRule$1.evaluate(MarkThatRulesRanRule.java:108)
at org.junit.runners.ParentRunner$3.evaluate(ParentRunner.java:306)
at org.junit.runners.BlockJUnit4ClassRunner$1.evaluate(BlockJUnit4ClassRunner.java:100)
at org.junit.runners.ParentRunner.runLeaf(ParentRunner.java:366)
at org.junit.runners.BlockJUnit4ClassRunner.runChild(BlockJUnit4ClassRunner.java:103)
at org.junit.runners.BlockJUnit4ClassRunner.runChild(BlockJUnit4ClassRunner.java:63)
at org.junit.runners.ParentRunner$4.run(ParentRunner.java:331)
at org.junit.runners.ParentRunner$1.schedule(ParentRunner.java:79)
at org.junit.runners.ParentRunner.runChildren(ParentRunner.java:329)
at org.junit.runners.ParentRunner.access$100(ParentRunner.java:66)
at org.junit.runners.ParentRunner$2.evaluate(ParentRunner.java:293)
at org.junit.runners.ParentRunner$3.evaluate(ParentRunner.java:306)
at org.junit.runners.ParentRunner.run(ParentRunner.java:413)
at org.junit.runners.Suite.runChild(Suite.java:128)
at org.junit.runners.Suite.runChild(Suite.java:27)
at org.junit.runners.ParentRunner$4.run(ParentRunner.java:331)
at org.junit.runners.ParentRunner$1.schedule(ParentRunner.java:79)
at org.junit.runners.ParentRunner.runChildren(ParentRunner.java:329)
at org.junit.runners.ParentRunner.access$100(ParentRunner.java:66)
at org.junit.runners.ParentRunner$2.evaluate(ParentRunner.java:293)
at org.junit.runners.ParentRunner$3.evaluate(ParentRunner.java:306)
at org.junit.runners.ParentRunner.run(ParentRunner.java:413)
at org.junit.runner.JUnitCore.run(JUnitCore.java:137)
at org.junit.runner.JUnitCore.run(JUnitCore.java:115)
at androidx.test.internal.runner.TestExecutor.execute(TestExecutor.java:68)
at androidx.test.internal.runner.TestExecutor.execute(TestExecutor.java:59)
at androidx.test.runner.AndroidJUnitRunner.onStart(AndroidJUnitRunner.java:463)
at android.app.Instrumentation$InstrumentationThread.run(Instrumentation.java:2597)
</failure>
  </testcase>
  <testcase name="loginWithWrongCredentials_showsError" classname="com.baha.sushigarden.AuthFlowTest" time="0.033">
    <failure>java.lang.RuntimeException: Intent in process com.baha.sushigarden resolved to different process com.baha.sushigarden.test: Intent { act=android.intent.action.MAIN cat=[android.intent.category.LAUNCHER] flg=0x10008000 cmp=com.baha.sushigarden.test/com.baha.sushigarden.HiltTestActivity }
at android.app.Instrumentation.startActivitySync(Instrumentation.java:607)
at androidx.test.core.app.InstrumentationActivityInvoker.startActivity(InstrumentationActivityInvoker.java:422)
at androidx.test.core.app.InstrumentationActivityInvoker.startActivity(InstrumentationActivityInvoker.java:428)
at androidx.test.core.app.ActivityScenario.launchInternal(ActivityScenario.java:367)
at androidx.test.core.app.ActivityScenario.launch(ActivityScenario.java:203)
at androidx.test.ext.junit.rules.ActivityScenarioRule.lambda$new$0(ActivityScenarioRule.java:77)
at androidx.test.ext.junit.rules.ActivityScenarioRule$$ExternalSyntheticLambda2.get(D8$$SyntheticClass:0)
at androidx.test.ext.junit.rules.ActivityScenarioRule.before(ActivityScenarioRule.java:112)
at org.junit.rules.ExternalResource$1.evaluate(ExternalResource.java:50)
at androidx.compose.ui.test.junit4.AndroidComposeTestRule$apply$1$evaluate$1.invoke(AndroidComposeTestRule.android.kt:272)
at androidx.compose.ui.test.junit4.AndroidComposeTestRule$apply$1$evaluate$1.invoke(AndroidComposeTestRule.android.kt:271)
at androidx.compose.ui.test.AndroidComposeUiTestEnvironment$AndroidComposeUiTestImpl.withDisposableContent(ComposeUiTest.android.kt:505)
at androidx.compose.ui.test.AndroidComposeUiTestEnvironment$runTest$1$1$1$1$1$1.invoke(ComposeUiTest.android.kt:333)
at androidx.compose.ui.test.AndroidComposeUiTestEnvironment.withComposeIdlingResource(ComposeUiTest.android.kt:385)
at androidx.compose.ui.test.AndroidComposeUiTestEnvironment.access$withComposeIdlingResource(ComposeUiTest.android.kt:219)
at androidx.compose.ui.test.AndroidComposeUiTestEnvironment$runTest$1$1$1$1$1.invoke(ComposeUiTest.android.kt:332)
at androidx.compose.ui.test.AndroidComposeUiTestEnvironment.withWindowRecomposer(ComposeUiTest.android.kt:359)
at androidx.compose.ui.test.AndroidComposeUiTestEnvironment.access$withWindowRecomposer(ComposeUiTest.android.kt:219)
at androidx.compose.ui.test.AndroidComposeUiTestEnvironment$runTest$1$1$1$1.invoke(ComposeUiTest.android.kt:331)
at androidx.compose.ui.test.AndroidComposeUiTestEnvironment.withTestCoroutines(ComposeUiTest.android.kt:372)
at androidx.compose.ui.test.AndroidComposeUiTestEnvironment.access$withTestCoroutines(ComposeUiTest.android.kt:219)
at androidx.compose.ui.test.AndroidComposeUiTestEnvironment$runTest$1$1$1.invoke(ComposeUiTest.android.kt:330)
at androidx.compose.ui.test.EspressoLink.withStrategy(EspressoLink.android.kt:66)
at androidx.compose.ui.test.AndroidComposeUiTestEnvironment$runTest$1$1.invoke(ComposeUiTest.android.kt:329)
at androidx.compose.ui.test.IdlingResourceRegistry.withRegistry(IdlingResourceRegistry.jvm.kt:155)
at androidx.compose.ui.test.AndroidComposeUiTestEnvironment$runTest$1.invoke(ComposeUiTest.android.kt:328)
at androidx.compose.ui.test.ComposeRootRegistry.withRegistry(ComposeRootRegistry.android.kt:146)
at androidx.compose.ui.test.AndroidComposeUiTestEnvironment.runTest(ComposeUiTest.android.kt:327)
at androidx.compose.ui.test.junit4.AndroidComposeTestRule$apply$1.evaluate(AndroidComposeTestRule.android.kt:271)
at dagger.hilt.android.internal.testing.MarkThatRulesRanRule$1.evaluate(MarkThatRulesRanRule.java:108)
at org.junit.runners.ParentRunner$3.evaluate(ParentRunner.java:306)
at org.junit.runners.BlockJUnit4ClassRunner$1.evaluate(BlockJUnit4ClassRunner.java:100)
at org.junit.runners.ParentRunner.runLeaf(ParentRunner.java:366)
at org.junit.runners.BlockJUnit4ClassRunner.runChild(BlockJUnit4ClassRunner.java:103)
at org.junit.runners.BlockJUnit4ClassRunner.runChild(BlockJUnit4ClassRunner.java:63)
at org.junit.runners.ParentRunner$4.run(ParentRunner.java:331)
at org.junit.runners.ParentRunner$1.schedule(ParentRunner.java:79)
at org.junit.runners.ParentRunner.runChildren(ParentRunner.java:329)
at org.junit.runners.ParentRunner.access$100(ParentRunner.java:66)
at org.junit.runners.ParentRunner$2.evaluate(ParentRunner.java:293)
at org.junit.runners.ParentRunner$3.evaluate(ParentRunner.java:306)
at org.junit.runners.ParentRunner.run(ParentRunner.java:413)
at org.junit.runners.Suite.runChild(Suite.java:128)
at org.junit.runners.Suite.runChild(Suite.java:27)
at org.junit.runners.ParentRunner$4.run(ParentRunner.java:331)
at org.junit.runners.ParentRunner$1.schedule(ParentRunner.java:79)
at org.junit.runners.ParentRunner.runChildren(ParentRunner.java:329)
at org.junit.runners.ParentRunner.access$100(ParentRunner.java:66)
at org.junit.runners.ParentRunner$2.evaluate(ParentRunner.java:293)
at org.junit.runners.ParentRunner$3.evaluate(ParentRunner.java:306)
at org.junit.runners.ParentRunner.run(ParentRunner.java:413)
at org.junit.runner.JUnitCore.run(JUnitCore.java:137)
at org.junit.runner.JUnitCore.run(JUnitCore.java:115)
at androidx.test.internal.runner.TestExecutor.execute(TestExecutor.java:68)
at androidx.test.internal.runner.TestExecutor.execute(TestExecutor.java:59)
at androidx.test.runner.AndroidJUnitRunner.onStart(AndroidJUnitRunner.java:463)
at android.app.Instrumentation$InstrumentationThread.run(Instrumentation.java:2597)
</failure>
  </testcase>
  <testcase name="toggleToLogin_showsLoginMode" classname="com.baha.sushigarden.AuthFlowTest" time="0.003">
    <failure>java.lang.RuntimeException: Intent in process com.baha.sushigarden resolved to different process com.baha.sushigarden.test: Intent { act=android.intent.action.MAIN cat=[android.intent.category.LAUNCHER] flg=0x10008000 cmp=com.baha.sushigarden.test/com.baha.sushigarden.HiltTestActivity }
at android.app.Instrumentation.startActivitySync(Instrumentation.java:607)
at androidx.test.core.app.InstrumentationActivityInvoker.startActivity(InstrumentationActivityInvoker.java:422)
at androidx.test.core.app.InstrumentationActivityInvoker.startActivity(InstrumentationActivityInvoker.java:428)
at androidx.test.core.app.ActivityScenario.launchInternal(ActivityScenario.java:367)
at androidx.test.core.app.ActivityScenario.launch(ActivityScenario.java:203)
at androidx.test.ext.junit.rules.ActivityScenarioRule.lambda$new$0(ActivityScenarioRule.java:77)
at androidx.test.ext.junit.rules.ActivityScenarioRule$$ExternalSyntheticLambda2.get(D8$$SyntheticClass:0)
at androidx.test.ext.junit.rules.ActivityScenarioRule.before(ActivityScenarioRule.java:112)
at org.junit.rules.ExternalResource$1.evaluate(ExternalResource.java:50)
at androidx.compose.ui.test.junit4.AndroidComposeTestRule$apply$1$evaluate$1.invoke(AndroidComposeTestRule.android.kt:272)
at androidx.compose.ui.test.junit4.AndroidComposeTestRule$apply$1$evaluate$1.invoke(AndroidComposeTestRule.android.kt:271)
at androidx.compose.ui.test.AndroidComposeUiTestEnvironment$AndroidComposeUiTestImpl.withDisposableContent(ComposeUiTest.android.kt:505)
at androidx.compose.ui.test.AndroidComposeUiTestEnvironment$runTest$1$1$1$1$1$1.invoke(ComposeUiTest.android.kt:333)
at androidx.compose.ui.test.AndroidComposeUiTestEnvironment.withComposeIdlingResource(ComposeUiTest.android.kt:385)
at androidx.compose.ui.test.AndroidComposeUiTestEnvironment.access$withComposeIdlingResource(ComposeUiTest.android.kt:219)
at androidx.compose.ui.test.AndroidComposeUiTestEnvironment$runTest$1$1$1$1$1.invoke(ComposeUiTest.android.kt:332)
at androidx.compose.ui.test.AndroidComposeUiTestEnvironment.withWindowRecomposer(ComposeUiTest.android.kt:359)
at androidx.compose.ui.test.AndroidComposeUiTestEnvironment.access$withWindowRecomposer(ComposeUiTest.android.kt:219)
at androidx.compose.ui.test.AndroidComposeUiTestEnvironment$runTest$1$1$1$1.invoke(ComposeUiTest.android.kt:331)
at androidx.compose.ui.test.AndroidComposeUiTestEnvironment.withTestCoroutines(ComposeUiTest.android.kt:372)
at androidx.compose.ui.test.AndroidComposeUiTestEnvironment.access$withTestCoroutines(ComposeUiTest.android.kt:219)
at androidx.compose.ui.test.AndroidComposeUiTestEnvironment$runTest$1$1$1.invoke(ComposeUiTest.android.kt:330)
at androidx.compose.ui.test.EspressoLink.withStrategy(EspressoLink.android.kt:66)
at androidx.compose.ui.test.AndroidComposeUiTestEnvironment$runTest$1$1.invoke(ComposeUiTest.android.kt:329)
at androidx.compose.ui.test.IdlingResourceRegistry.withRegistry(IdlingResourceRegistry.jvm.kt:155)
at androidx.compose.ui.test.AndroidComposeUiTestEnvironment$runTest$1.invoke(ComposeUiTest.android.kt:328)
at androidx.compose.ui.test.ComposeRootRegistry.withRegistry(ComposeRootRegistry.android.kt:146)
at androidx.compose.ui.test.AndroidComposeUiTestEnvironment.runTest(ComposeUiTest.android.kt:327)
at androidx.compose.ui.test.junit4.AndroidComposeTestRule$apply$1.evaluate(AndroidComposeTestRule.android.kt:271)
at dagger.hilt.android.internal.testing.MarkThatRulesRanRule$1.evaluate(MarkThatRulesRanRule.java:108)
at org.junit.runners.ParentRunner$3.evaluate(ParentRunner.java:306)
at org.junit.runners.BlockJUnit4ClassRunner$1.evaluate(BlockJUnit4ClassRunner.java:100)
at org.junit.runners.ParentRunner.runLeaf(ParentRunner.java:366)
at org.junit.runners.BlockJUnit4ClassRunner.runChild(BlockJUnit4ClassRunner.java:103)
at org.junit.runners.BlockJUnit4ClassRunner.runChild(BlockJUnit4ClassRunner.java:63)
at org.junit.runners.ParentRunner$4.run(ParentRunner.java:331)
at org.junit.runners.ParentRunner$1.schedule(ParentRunner.java:79)
at org.junit.runners.ParentRunner.runChildren(ParentRunner.java:329)
at org.junit.runners.ParentRunner.access$100(ParentRunner.java:66)
at org.junit.runners.ParentRunner$2.evaluate(ParentRunner.java:293)
at org.junit.runners.ParentRunner$3.evaluate(ParentRunner.java:306)
at org.junit.runners.ParentRunner.run(ParentRunner.java:413)
at org.junit.runners.Suite.runChild(Suite.java:128)
at org.junit.runners.Suite.runChild(Suite.java:27)
at org.junit.runners.ParentRunner$4.run(ParentRunner.java:331)
at org.junit.runners.ParentRunner$1.schedule(ParentRunner.java:79)
at org.junit.runners.ParentRunner.runChildren(ParentRunner.java:329)
at org.junit.runners.ParentRunner.access$100(ParentRunner.java:66)
at org.junit.runners.ParentRunner$2.evaluate(ParentRunner.java:293)
at org.junit.runners.ParentRunner$3.evaluate(ParentRunner.java:306)
at org.junit.runners.ParentRunner.run(ParentRunner.java:413)
at org.junit.runner.JUnitCore.run(JUnitCore.java:137)
at org.junit.runner.JUnitCore.run(JUnitCore.java:115)
at androidx.test.internal.runner.TestExecutor.execute(TestExecutor.java:68)
at androidx.test.internal.runner.TestExecutor.execute(TestExecutor.java:59)
at androidx.test.runner.AndroidJUnitRunner.onStart(AndroidJUnitRunner.java:463)
at android.app.Instrumentation$InstrumentationThread.run(Instrumentation.java:2597)
</failure>
  </testcase>
  <testcase name="register_disabledWithoutConsent" classname="com.baha.sushigarden.AuthFlowTest" time="0.029">
    <failure>java.lang.RuntimeException: Intent in process com.baha.sushigarden resolved to different process com.baha.sushigarden.test: Intent { act=android.intent.action.MAIN cat=[android.intent.category.LAUNCHER] flg=0x10008000 cmp=com.baha.sushigarden.test/com.baha.sushigarden.HiltTestActivity }
at android.app.Instrumentation.startActivitySync(Instrumentation.java:607)
at androidx.test.core.app.InstrumentationActivityInvoker.startActivity(InstrumentationActivityInvoker.java:422)
at androidx.test.core.app.InstrumentationActivityInvoker.startActivity(InstrumentationActivityInvoker.java:428)
at androidx.test.core.app.ActivityScenario.launchInternal(ActivityScenario.java:367)
at androidx.test.core.app.ActivityScenario.launch(ActivityScenario.java:203)
at androidx.test.ext.junit.rules.ActivityScenarioRule.lambda$new$0(ActivityScenarioRule.java:77)
at androidx.test.ext.junit.rules.ActivityScenarioRule$$ExternalSyntheticLambda2.get(D8$$SyntheticClass:0)
at androidx.test.ext.junit.rules.ActivityScenarioRule.before(ActivityScenarioRule.java:112)
at org.junit.rules.ExternalResource$1.evaluate(ExternalResource.java:50)
at androidx.compose.ui.test.junit4.AndroidComposeTestRule$apply$1$evaluate$1.invoke(AndroidComposeTestRule.android.kt:272)
at androidx.compose.ui.test.junit4.AndroidComposeTestRule$apply$1$evaluate$1.invoke(AndroidComposeTestRule.android.kt:271)
at androidx.compose.ui.test.AndroidComposeUiTestEnvironment$AndroidComposeUiTestImpl.withDisposableContent(ComposeUiTest.android.kt:505)
at androidx.compose.ui.test.AndroidComposeUiTestEnvironment$runTest$1$1$1$1$1$1.invoke(ComposeUiTest.android.kt:333)
at androidx.compose.ui.test.AndroidComposeUiTestEnvironment.withComposeIdlingResource(ComposeUiTest.android.kt:385)
at androidx.compose.ui.test.AndroidComposeUiTestEnvironment.access$withComposeIdlingResource(ComposeUiTest.android.kt:219)
at androidx.compose.ui.test.AndroidComposeUiTestEnvironment$runTest$1$1$1$1$1.invoke(ComposeUiTest.android.kt:332)
at androidx.compose.ui.test.AndroidComposeUiTestEnvironment.withWindowRecomposer(ComposeUiTest.android.kt:359)
at androidx.compose.ui.test.AndroidComposeUiTestEnvironment.access$withWindowRecomposer(ComposeUiTest.android.kt:219)
at androidx.compose.ui.test.AndroidComposeUiTestEnvironment$runTest$1$1$1$1.invoke(ComposeUiTest.android.kt:331)
at androidx.compose.ui.test.AndroidComposeUiTestEnvironment.withTestCoroutines(ComposeUiTest.android.kt:372)
at androidx.compose.ui.test.AndroidComposeUiTestEnvironment.access$withTestCoroutines(ComposeUiTest.android.kt:219)
at androidx.compose.ui.test.AndroidComposeUiTestEnvironment$runTest$1$1$1.invoke(ComposeUiTest.android.kt:330)
at androidx.compose.ui.test.EspressoLink.withStrategy(EspressoLink.android.kt:66)
at androidx.compose.ui.test.AndroidComposeUiTestEnvironment$runTest$1$1.invoke(ComposeUiTest.android.kt:329)
at androidx.compose.ui.test.IdlingResourceRegistry.withRegistry(IdlingResourceRegistry.jvm.kt:155)
at androidx.compose.ui.test.AndroidComposeUiTestEnvironment$runTest$1.invoke(ComposeUiTest.android.kt:328)
at androidx.compose.ui.test.ComposeRootRegistry.withRegistry(ComposeRootRegistry.android.kt:146)
at androidx.compose.ui.test.AndroidComposeUiTestEnvironment.runTest(ComposeUiTest.android.kt:327)
at androidx.compose.ui.test.junit4.AndroidComposeTestRule$apply$1.evaluate(AndroidComposeTestRule.android.kt:271)
at dagger.hilt.android.internal.testing.MarkThatRulesRanRule$1.evaluate(MarkThatRulesRanRule.java:108)
at org.junit.runners.ParentRunner$3.evaluate(ParentRunner.java:306)
at org.junit.runners.BlockJUnit4ClassRunner$1.evaluate(BlockJUnit4ClassRunner.java:100)
at org.junit.runners.ParentRunner.runLeaf(ParentRunner.java:366)
at org.junit.runners.BlockJUnit4ClassRunner.runChild(BlockJUnit4ClassRunner.java:103)
at org.junit.runners.BlockJUnit4ClassRunner.runChild(BlockJUnit4ClassRunner.java:63)
at org.junit.runners.ParentRunner$4.run(ParentRunner.java:331)
at org.junit.runners.ParentRunner$1.schedule(ParentRunner.java:79)
at org.junit.runners.ParentRunner.runChildren(ParentRunner.java:329)
at org.junit.runners.ParentRunner.access$100(ParentRunner.java:66)
at org.junit.runners.ParentRunner$2.evaluate(ParentRunner.java:293)
at org.junit.runners.ParentRunner$3.evaluate(ParentRunner.java:306)
at org.junit.runners.ParentRunner.run(ParentRunner.java:413)
at org.junit.runners.Suite.runChild(Suite.java:128)
at org.junit.runners.Suite.runChild(Suite.java:27)
at org.junit.runners.ParentRunner$4.run(ParentRunner.java:331)
at org.junit.runners.ParentRunner$1.schedule(ParentRunner.java:79)
at org.junit.runners.ParentRunner.runChildren(ParentRunner.java:329)
at org.junit.runners.ParentRunner.access$100(ParentRunner.java:66)
at org.junit.runners.ParentRunner$2.evaluate(ParentRunner.java:293)
at org.junit.runners.ParentRunner$3.evaluate(ParentRunner.java:306)
at org.junit.runners.ParentRunner.run(ParentRunner.java:413)
at org.junit.runner.JUnitCore.run(JUnitCore.java:137)
at org.junit.runner.JUnitCore.run(JUnitCore.java:115)
at androidx.test.internal.runner.TestExecutor.execute(TestExecutor.java:68)
at androidx.test.internal.runner.TestExecutor.execute(TestExecutor.java:59)
at androidx.test.runner.AndroidJUnitRunner.onStart(AndroidJUnitRunner.java:463)
at android.app.Instrumentation$InstrumentationThread.run(Instrumentation.java:2597)
</failure>
  </testcase>
  <testcase name="cart_showsAddOns" classname="com.baha.sushigarden.CartFlowTest" time="0.004">
    <failure>java.lang.RuntimeException: Intent in process com.baha.sushigarden resolved to different process com.baha.sushigarden.test: Intent { act=android.intent.action.MAIN cat=[android.intent.category.LAUNCHER] flg=0x10008000 cmp=com.baha.sushigarden.test/com.baha.sushigarden.HiltTestActivity }
at android.app.Instrumentation.startActivitySync(Instrumentation.java:607)
at androidx.test.core.app.InstrumentationActivityInvoker.startActivity(InstrumentationActivityInvoker.java:422)
at androidx.test.core.app.InstrumentationActivityInvoker.startActivity(InstrumentationActivityInvoker.java:428)
at androidx.test.core.app.ActivityScenario.launchInternal(ActivityScenario.java:367)
at androidx.test.core.app.ActivityScenario.launch(ActivityScenario.java:203)
at androidx.test.ext.junit.rules.ActivityScenarioRule.lambda$new$0(ActivityScenarioRule.java:77)
at androidx.test.ext.junit.rules.ActivityScenarioRule$$ExternalSyntheticLambda2.get(D8$$SyntheticClass:0)
at androidx.test.ext.junit.rules.ActivityScenarioRule.before(ActivityScenarioRule.java:112)
at org.junit.rules.ExternalResource$1.evaluate(ExternalResource.java:50)
at androidx.compose.ui.test.junit4.AndroidComposeTestRule$apply$1$evaluate$1.invoke(AndroidComposeTestRule.android.kt:272)
at androidx.compose.ui.test.junit4.AndroidComposeTestRule$apply$1$evaluate$1.invoke(AndroidComposeTestRule.android.kt:271)
at androidx.compose.ui.test.AndroidComposeUiTestEnvironment$AndroidComposeUiTestImpl.withDisposableContent(ComposeUiTest.android.kt:505)
at androidx.compose.ui.test.AndroidComposeUiTestEnvironment$runTest$1$1$1$1$1$1.invoke(ComposeUiTest.android.kt:333)
at androidx.compose.ui.test.AndroidComposeUiTestEnvironment.withComposeIdlingResource(ComposeUiTest.android.kt:385)
at androidx.compose.ui.test.AndroidComposeUiTestEnvironment.access$withComposeIdlingResource(ComposeUiTest.android.kt:219)
at androidx.compose.ui.test.AndroidComposeUiTestEnvironment$runTest$1$1$1$1$1.invoke(ComposeUiTest.android.kt:332)
at androidx.compose.ui.test.AndroidComposeUiTestEnvironment.withWindowRecomposer(ComposeUiTest.android.kt:359)
at androidx.compose.ui.test.AndroidComposeUiTestEnvironment.access$withWindowRecomposer(ComposeUiTest.android.kt:219)
at androidx.compose.ui.test.AndroidComposeUiTestEnvironment$runTest$1$1$1$1.invoke(ComposeUiTest.android.kt:331)
at androidx.compose.ui.test.AndroidComposeUiTestEnvironment.withTestCoroutines(ComposeUiTest.android.kt:372)
at androidx.compose.ui.test.AndroidComposeUiTestEnvironment.access$withTestCoroutines(ComposeUiTest.android.kt:219)
at androidx.compose.ui.test.AndroidComposeUiTestEnvironment$runTest$1$1$1.invoke(ComposeUiTest.android.kt:330)
at androidx.compose.ui.test.EspressoLink.withStrategy(EspressoLink.android.kt:66)
at androidx.compose.ui.test.AndroidComposeUiTestEnvironment$runTest$1$1.invoke(ComposeUiTest.android.kt:329)
at androidx.compose.ui.test.IdlingResourceRegistry.withRegistry(IdlingResourceRegistry.jvm.kt:155)
at androidx.compose.ui.test.AndroidComposeUiTestEnvironment$runTest$1.invoke(ComposeUiTest.android.kt:328)
at androidx.compose.ui.test.ComposeRootRegistry.withRegistry(ComposeRootRegistry.android.kt:146)
at androidx.compose.ui.test.AndroidComposeUiTestEnvironment.runTest(ComposeUiTest.android.kt:327)
at androidx.compose.ui.test.junit4.AndroidComposeTestRule$apply$1.evaluate(AndroidComposeTestRule.android.kt:271)
at dagger.hilt.android.internal.testing.MarkThatRulesRanRule$1.evaluate(MarkThatRulesRanRule.java:108)
at org.junit.runners.ParentRunner$3.evaluate(ParentRunner.java:306)
at org.junit.runners.BlockJUnit4ClassRunner$1.evaluate(BlockJUnit4ClassRunner.java:100)
at org.junit.runners.ParentRunner.runLeaf(ParentRunner.java:366)
at org.junit.runners.BlockJUnit4ClassRunner.runChild(BlockJUnit4ClassRunner.java:103)
at org.junit.runners.BlockJUnit4ClassRunner.runChild(BlockJUnit4ClassRunner.java:63)
at org.junit.runners.ParentRunner$4.run(ParentRunner.java:331)
at org.junit.runners.ParentRunner$1.schedule(ParentRunner.java:79)
at org.junit.runners.ParentRunner.runChildren(ParentRunner.java:329)
at org.junit.runners.ParentRunner.access$100(ParentRunner.java:66)
at org.junit.runners.ParentRunner$2.evaluate(ParentRunner.java:293)
at org.junit.runners.ParentRunner$3.evaluate(ParentRunner.java:306)
at org.junit.runners.ParentRunner.run(ParentRunner.java:413)
at org.junit.runners.Suite.runChild(Suite.java:128)
at org.junit.runners.Suite.runChild(Suite.java:27)
at org.junit.runners.ParentRunner$4.run(ParentRunner.java:331)
at org.junit.runners.ParentRunner$1.schedule(ParentRunner.java:79)
at org.junit.runners.ParentRunner.runChildren(ParentRunner.java:329)
at org.junit.runners.ParentRunner.access$100(ParentRunner.java:66)
at org.junit.runners.ParentRunner$2.evaluate(ParentRunner.java:293)
at org.junit.runners.ParentRunner$3.evaluate(ParentRunner.java:306)
at org.junit.runners.ParentRunner.run(ParentRunner.java:413)
at org.junit.runner.JUnitCore.run(JUnitCore.java:137)
at org.junit.runner.JUnitCore.run(JUnitCore.java:115)
at androidx.test.internal.runner.TestExecutor.execute(TestExecutor.java:68)
at androidx.test.internal.runner.TestExecutor.execute(TestExecutor.java:59)
at androidx.test.runner.AndroidJUnitRunner.onStart(AndroidJUnitRunner.java:463)
at android.app.Instrumentation$InstrumentationThread.run(Instrumentation.java:2597)
</failure>
  </testcase>
  <testcase name="filledCart_showsCheckoutButton" classname="com.baha.sushigarden.CartFlowTest" time="0.004">
    <failure>java.lang.RuntimeException: Intent in process com.baha.sushigarden resolved to different process com.baha.sushigarden.test: Intent { act=android.intent.action.MAIN cat=[android.intent.category.LAUNCHER] flg=0x10008000 cmp=com.baha.sushigarden.test/com.baha.sushigarden.HiltTestActivity }
at android.app.Instrumentation.startActivitySync(Instrumentation.java:607)
at androidx.test.core.app.InstrumentationActivityInvoker.startActivity(InstrumentationActivityInvoker.java:422)
at androidx.test.core.app.InstrumentationActivityInvoker.startActivity(InstrumentationActivityInvoker.java:428)
at androidx.test.core.app.ActivityScenario.launchInternal(ActivityScenario.java:367)
at androidx.test.core.app.ActivityScenario.launch(ActivityScenario.java:203)
at androidx.test.ext.junit.rules.ActivityScenarioRule.lambda$new$0(ActivityScenarioRule.java:77)
at androidx.test.ext.junit.rules.ActivityScenarioRule$$ExternalSyntheticLambda2.get(D8$$SyntheticClass:0)
at androidx.test.ext.junit.rules.ActivityScenarioRule.before(ActivityScenarioRule.java:112)
at org.junit.rules.ExternalResource$1.evaluate(ExternalResource.java:50)
at androidx.compose.ui.test.junit4.AndroidComposeTestRule$apply$1$evaluate$1.invoke(AndroidComposeTestRule.android.kt:272)
at androidx.compose.ui.test.junit4.AndroidComposeTestRule$apply$1$evaluate$1.invoke(AndroidComposeTestRule.android.kt:271)
at androidx.compose.ui.test.AndroidComposeUiTestEnvironment$AndroidComposeUiTestImpl.withDisposableContent(ComposeUiTest.android.kt:505)
at androidx.compose.ui.test.AndroidComposeUiTestEnvironment$runTest$1$1$1$1$1$1.invoke(ComposeUiTest.android.kt:333)
at androidx.compose.ui.test.AndroidComposeUiTestEnvironment.withComposeIdlingResource(ComposeUiTest.android.kt:385)
at androidx.compose.ui.test.AndroidComposeUiTestEnvironment.access$withComposeIdlingResource(ComposeUiTest.android.kt:219)
at androidx.compose.ui.test.AndroidComposeUiTestEnvironment$runTest$1$1$1$1$1.invoke(ComposeUiTest.android.kt:332)
at androidx.compose.ui.test.AndroidComposeUiTestEnvironment.withWindowRecomposer(ComposeUiTest.android.kt:359)
at androidx.compose.ui.test.AndroidComposeUiTestEnvironment.access$withWindowRecomposer(ComposeUiTest.android.kt:219)
at androidx.compose.ui.test.AndroidComposeUiTestEnvironment$runTest$1$1$1$1.invoke(ComposeUiTest.android.kt:331)
at androidx.compose.ui.test.AndroidComposeUiTestEnvironment.withTestCoroutines(ComposeUiTest.android.kt:372)
at androidx.compose.ui.test.AndroidComposeUiTestEnvironment.access$withTestCoroutines(ComposeUiTest.android.kt:219)
at androidx.compose.ui.test.AndroidComposeUiTestEnvironment$runTest$1$1$1.invoke(ComposeUiTest.android.kt:330)
at androidx.compose.ui.test.EspressoLink.withStrategy(EspressoLink.android.kt:66)
at androidx.compose.ui.test.AndroidComposeUiTestEnvironment$runTest$1$1.invoke(ComposeUiTest.android.kt:329)
at androidx.compose.ui.test.IdlingResourceRegistry.withRegistry(IdlingResourceRegistry.jvm.kt:155)
at androidx.compose.ui.test.AndroidComposeUiTestEnvironment$runTest$1.invoke(ComposeUiTest.android.kt:328)
at androidx.compose.ui.test.ComposeRootRegistry.withRegistry(ComposeRootRegistry.android.kt:146)
at androidx.compose.ui.test.AndroidComposeUiTestEnvironment.runTest(ComposeUiTest.android.kt:327)
at androidx.compose.ui.test.junit4.AndroidComposeTestRule$apply$1.evaluate(AndroidComposeTestRule.android.kt:271)
at dagger.hilt.android.internal.testing.MarkThatRulesRanRule$1.evaluate(MarkThatRulesRanRule.java:108)
at org.junit.runners.ParentRunner$3.evaluate(ParentRunner.java:306)
at org.junit.runners.BlockJUnit4ClassRunner$1.evaluate(BlockJUnit4ClassRunner.java:100)
at org.junit.runners.ParentRunner.runLeaf(ParentRunner.java:366)
at org.junit.runners.BlockJUnit4ClassRunner.runChild(BlockJUnit4ClassRunner.java:103)
at org.junit.runners.BlockJUnit4ClassRunner.runChild(BlockJUnit4ClassRunner.java:63)
at org.junit.runners.ParentRunner$4.run(ParentRunner.java:331)
at org.junit.runners.ParentRunner$1.schedule(ParentRunner.java:79)
at org.junit.runners.ParentRunner.runChildren(ParentRunner.java:329)
at org.junit.runners.ParentRunner.access$100(ParentRunner.java:66)
at org.junit.runners.ParentRunner$2.evaluate(ParentRunner.java:293)
at org.junit.runners.ParentRunner$3.evaluate(ParentRunner.java:306)
at org.junit.runners.ParentRunner.run(ParentRunner.java:413)
at org.junit.runners.Suite.runChild(Suite.java:128)
at org.junit.runners.Suite.runChild(Suite.java:27)
at org.junit.runners.ParentRunner$4.run(ParentRunner.java:331)
at org.junit.runners.ParentRunner$1.schedule(ParentRunner.java:79)
at org.junit.runners.ParentRunner.runChildren(ParentRunner.java:329)
at org.junit.runners.ParentRunner.access$100(ParentRunner.java:66)
at org.junit.runners.ParentRunner$2.evaluate(ParentRunner.java:293)
at org.junit.runners.ParentRunner$3.evaluate(ParentRunner.java:306)
at org.junit.runners.ParentRunner.run(ParentRunner.java:413)
at org.junit.runner.JUnitCore.run(JUnitCore.java:137)
at org.junit.runner.JUnitCore.run(JUnitCore.java:115)
at androidx.test.internal.runner.TestExecutor.execute(TestExecutor.java:68)
at androidx.test.internal.runner.TestExecutor.execute(TestExecutor.java:59)
at androidx.test.runner.AndroidJUnitRunner.onStart(AndroidJUnitRunner.java:463)
at android.app.Instrumentation$InstrumentationThread.run(Instrumentation.java:2597)
</failure>
  </testcase>
  <testcase name="emptyCart_showsEmptyState" classname="com.baha.sushigarden.CartFlowTest" time="0.03">
    <failure>java.lang.RuntimeException: Intent in process com.baha.sushigarden resolved to different process com.baha.sushigarden.test: Intent { act=android.intent.action.MAIN cat=[android.intent.category.LAUNCHER] flg=0x10008000 cmp=com.baha.sushigarden.test/com.baha.sushigarden.HiltTestActivity }
at android.app.Instrumentation.startActivitySync(Instrumentation.java:607)
at androidx.test.core.app.InstrumentationActivityInvoker.startActivity(InstrumentationActivityInvoker.java:422)
at androidx.test.core.app.InstrumentationActivityInvoker.startActivity(InstrumentationActivityInvoker.java:428)
at androidx.test.core.app.ActivityScenario.launchInternal(ActivityScenario.java:367)
at androidx.test.core.app.ActivityScenario.launch(ActivityScenario.java:203)
at androidx.test.ext.junit.rules.ActivityScenarioRule.lambda$new$0(ActivityScenarioRule.java:77)
at androidx.test.ext.junit.rules.ActivityScenarioRule$$ExternalSyntheticLambda2.get(D8$$SyntheticClass:0)
at androidx.test.ext.junit.rules.ActivityScenarioRule.before(ActivityScenarioRule.java:112)
at org.junit.rules.ExternalResource$1.evaluate(ExternalResource.java:50)
at androidx.compose.ui.test.junit4.AndroidComposeTestRule$apply$1$evaluate$1.invoke(AndroidComposeTestRule.android.kt:272)
at androidx.compose.ui.test.junit4.AndroidComposeTestRule$apply$1$evaluate$1.invoke(AndroidComposeTestRule.android.kt:271)
at androidx.compose.ui.test.AndroidComposeUiTestEnvironment$AndroidComposeUiTestImpl.withDisposableContent(ComposeUiTest.android.kt:505)
at androidx.compose.ui.test.AndroidComposeUiTestEnvironment$runTest$1$1$1$1$1$1.invoke(ComposeUiTest.android.kt:333)
at androidx.compose.ui.test.AndroidComposeUiTestEnvironment.withComposeIdlingResource(ComposeUiTest.android.kt:385)
at androidx.compose.ui.test.AndroidComposeUiTestEnvironment.access$withComposeIdlingResource(ComposeUiTest.android.kt:219)
at androidx.compose.ui.test.AndroidComposeUiTestEnvironment$runTest$1$1$1$1$1.invoke(ComposeUiTest.android.kt:332)
at androidx.compose.ui.test.AndroidComposeUiTestEnvironment.withWindowRecomposer(ComposeUiTest.android.kt:359)
at androidx.compose.ui.test.AndroidComposeUiTestEnvironment.access$withWindowRecomposer(ComposeUiTest.android.kt:219)
at androidx.compose.ui.test.AndroidComposeUiTestEnvironment$runTest$1$1$1$1.invoke(ComposeUiTest.android.kt:331)
at androidx.compose.ui.test.AndroidComposeUiTestEnvironment.withTestCoroutines(ComposeUiTest.android.kt:372)
at androidx.compose.ui.test.AndroidComposeUiTestEnvironment.access$withTestCoroutines(ComposeUiTest.android.kt:219)
at androidx.compose.ui.test.AndroidComposeUiTestEnvironment$runTest$1$1$1.invoke(ComposeUiTest.android.kt:330)
at androidx.compose.ui.test.EspressoLink.withStrategy(EspressoLink.android.kt:66)
at androidx.compose.ui.test.AndroidComposeUiTestEnvironment$runTest$1$1.invoke(ComposeUiTest.android.kt:329)
at androidx.compose.ui.test.IdlingResourceRegistry.withRegistry(IdlingResourceRegistry.jvm.kt:155)
at androidx.compose.ui.test.AndroidComposeUiTestEnvironment$runTest$1.invoke(ComposeUiTest.android.kt:328)
at androidx.compose.ui.test.ComposeRootRegistry.withRegistry(ComposeRootRegistry.android.kt:146)
at androidx.compose.ui.test.AndroidComposeUiTestEnvironment.runTest(ComposeUiTest.android.kt:327)
at androidx.compose.ui.test.junit4.AndroidComposeTestRule$apply$1.evaluate(AndroidComposeTestRule.android.kt:271)
at dagger.hilt.android.internal.testing.MarkThatRulesRanRule$1.evaluate(MarkThatRulesRanRule.java:108)
at org.junit.runners.ParentRunner$3.evaluate(ParentRunner.java:306)
at org.junit.runners.BlockJUnit4ClassRunner$1.evaluate(BlockJUnit4ClassRunner.java:100)
at org.junit.runners.ParentRunner.runLeaf(ParentRunner.java:366)
at org.junit.runners.BlockJUnit4ClassRunner.runChild(BlockJUnit4ClassRunner.java:103)
at org.junit.runners.BlockJUnit4ClassRunner.runChild(BlockJUnit4ClassRunner.java:63)
at org.junit.runners.ParentRunner$4.run(ParentRunner.java:331)
at org.junit.runners.ParentRunner$1.schedule(ParentRunner.java:79)
at org.junit.runners.ParentRunner.runChildren(ParentRunner.java:329)
at org.junit.runners.ParentRunner.access$100(ParentRunner.java:66)
at org.junit.runners.ParentRunner$2.evaluate(ParentRunner.java:293)
at org.junit.runners.ParentRunner$3.evaluate(ParentRunner.java:306)
at org.junit.runners.ParentRunner.run(ParentRunner.java:413)
at org.junit.runners.Suite.runChild(Suite.java:128)
at org.junit.runners.Suite.runChild(Suite.java:27)
at org.junit.runners.ParentRunner$4.run(ParentRunner.java:331)
at org.junit.runners.ParentRunner$1.schedule(ParentRunner.java:79)
at org.junit.runners.ParentRunner.runChildren(ParentRunner.java:329)
at org.junit.runners.ParentRunner.access$100(ParentRunner.java:66)
at org.junit.runners.ParentRunner$2.evaluate(ParentRunner.java:293)
at org.junit.runners.ParentRunner$3.evaluate(ParentRunner.java:306)
at org.junit.runners.ParentRunner.run(ParentRunner.java:413)
at org.junit.runner.JUnitCore.run(JUnitCore.java:137)
at org.junit.runner.JUnitCore.run(JUnitCore.java:115)
at androidx.test.internal.runner.TestExecutor.execute(TestExecutor.java:68)
at androidx.test.internal.runner.TestExecutor.execute(TestExecutor.java:59)
at androidx.test.runner.AndroidJUnitRunner.onStart(AndroidJUnitRunner.java:463)
at android.app.Instrumentation$InstrumentationThread.run(Instrumentation.java:2597)
</failure>
  </testcase>
  <testcase name="filledCart_showsCartItems" classname="com.baha.sushigarden.CartFlowTest" time="0.004">
    <failure>java.lang.RuntimeException: Intent in process com.baha.sushigarden resolved to different process com.baha.sushigarden.test: Intent { act=android.intent.action.MAIN cat=[android.intent.category.LAUNCHER] flg=0x10008000 cmp=com.baha.sushigarden.test/com.baha.sushigarden.HiltTestActivity }
at android.app.Instrumentation.startActivitySync(Instrumentation.java:607)
at androidx.test.core.app.InstrumentationActivityInvoker.startActivity(InstrumentationActivityInvoker.java:422)
at androidx.test.core.app.InstrumentationActivityInvoker.startActivity(InstrumentationActivityInvoker.java:428)
at androidx.test.core.app.ActivityScenario.launchInternal(ActivityScenario.java:367)
at androidx.test.core.app.ActivityScenario.launch(ActivityScenario.java:203)
at androidx.test.ext.junit.rules.ActivityScenarioRule.lambda$new$0(ActivityScenarioRule.java:77)
at androidx.test.ext.junit.rules.ActivityScenarioRule$$ExternalSyntheticLambda2.get(D8$$SyntheticClass:0)
at androidx.test.ext.junit.rules.ActivityScenarioRule.before(ActivityScenarioRule.java:112)
at org.junit.rules.ExternalResource$1.evaluate(ExternalResource.java:50)
at androidx.compose.ui.test.junit4.AndroidComposeTestRule$apply$1$evaluate$1.invoke(AndroidComposeTestRule.android.kt:272)
at androidx.compose.ui.test.junit4.AndroidComposeTestRule$apply$1$evaluate$1.invoke(AndroidComposeTestRule.android.kt:271)
at androidx.compose.ui.test.AndroidComposeUiTestEnvironment$AndroidComposeUiTestImpl.withDisposableContent(ComposeUiTest.android.kt:505)
at androidx.compose.ui.test.AndroidComposeUiTestEnvironment$runTest$1$1$1$1$1$1.invoke(ComposeUiTest.android.kt:333)
at androidx.compose.ui.test.AndroidComposeUiTestEnvironment.withComposeIdlingResource(ComposeUiTest.android.kt:385)
at androidx.compose.ui.test.AndroidComposeUiTestEnvironment.access$withComposeIdlingResource(ComposeUiTest.android.kt:219)
at androidx.compose.ui.test.AndroidComposeUiTestEnvironment$runTest$1$1$1$1$1.invoke(ComposeUiTest.android.kt:332)
at androidx.compose.ui.test.AndroidComposeUiTestEnvironment.withWindowRecomposer(ComposeUiTest.android.kt:359)
at androidx.compose.ui.test.AndroidComposeUiTestEnvironment.access$withWindowRecomposer(ComposeUiTest.android.kt:219)
at androidx.compose.ui.test.AndroidComposeUiTestEnvironment$runTest$1$1$1$1.invoke(ComposeUiTest.android.kt:331)
at androidx.compose.ui.test.AndroidComposeUiTestEnvironment.withTestCoroutines(ComposeUiTest.android.kt:372)
at androidx.compose.ui.test.AndroidComposeUiTestEnvironment.access$withTestCoroutines(ComposeUiTest.android.kt:219)
at androidx.compose.ui.test.AndroidComposeUiTestEnvironment$runTest$1$1$1.invoke(ComposeUiTest.android.kt:330)
at androidx.compose.ui.test.EspressoLink.withStrategy(EspressoLink.android.kt:66)
at androidx.compose.ui.test.AndroidComposeUiTestEnvironment$runTest$1$1.invoke(ComposeUiTest.android.kt:329)
at androidx.compose.ui.test.IdlingResourceRegistry.withRegistry(IdlingResourceRegistry.jvm.kt:155)
at androidx.compose.ui.test.AndroidComposeUiTestEnvironment$runTest$1.invoke(ComposeUiTest.android.kt:328)
at androidx.compose.ui.test.ComposeRootRegistry.withRegistry(ComposeRootRegistry.android.kt:146)
at androidx.compose.ui.test.AndroidComposeUiTestEnvironment.runTest(ComposeUiTest.android.kt:327)
at androidx.compose.ui.test.junit4.AndroidComposeTestRule$apply$1.evaluate(AndroidComposeTestRule.android.kt:271)
at dagger.hilt.android.internal.testing.MarkThatRulesRanRule$1.evaluate(MarkThatRulesRanRule.java:108)
at org.junit.runners.ParentRunner$3.evaluate(ParentRunner.java:306)
at org.junit.runners.BlockJUnit4ClassRunner$1.evaluate(BlockJUnit4ClassRunner.java:100)
at org.junit.runners.ParentRunner.runLeaf(ParentRunner.java:366)
at org.junit.runners.BlockJUnit4ClassRunner.runChild(BlockJUnit4ClassRunner.java:103)
at org.junit.runners.BlockJUnit4ClassRunner.runChild(BlockJUnit4ClassRunner.java:63)
at org.junit.runners.ParentRunner$4.run(ParentRunner.java:331)
at org.junit.runners.ParentRunner$1.schedule(ParentRunner.java:79)
at org.junit.runners.ParentRunner.runChildren(ParentRunner.java:329)
at org.junit.runners.ParentRunner.access$100(ParentRunner.java:66)
at org.junit.runners.ParentRunner$2.evaluate(ParentRunner.java:293)
at org.junit.runners.ParentRunner$3.evaluate(ParentRunner.java:306)
at org.junit.runners.ParentRunner.run(ParentRunner.java:413)
at org.junit.runners.Suite.runChild(Suite.java:128)
at org.junit.runners.Suite.runChild(Suite.java:27)
at org.junit.runners.ParentRunner$4.run(ParentRunner.java:331)
at org.junit.runners.ParentRunner$1.schedule(ParentRunner.java:79)
at org.junit.runners.ParentRunner.runChildren(ParentRunner.java:329)
at org.junit.runners.ParentRunner.access$100(ParentRunner.java:66)
at org.junit.runners.ParentRunner$2.evaluate(ParentRunner.java:293)
at org.junit.runners.ParentRunner$3.evaluate(ParentRunner.java:306)
at org.junit.runners.ParentRunner.run(ParentRunner.java:413)
at org.junit.runner.JUnitCore.run(JUnitCore.java:137)
at org.junit.runner.JUnitCore.run(JUnitCore.java:115)
at androidx.test.internal.runner.TestExecutor.execute(TestExecutor.java:68)
at androidx.test.internal.runner.TestExecutor.execute(TestExecutor.java:59)
at androidx.test.runner.AndroidJUnitRunner.onStart(AndroidJUnitRunner.java:463)
at android.app.Instrumentation$InstrumentationThread.run(Instrumentation.java:2597)
</failure>
  </testcase>
  <testcase name="catalog_displaysCategoryPills" classname="com.baha.sushigarden.CatalogFlowTest" time="0.035">
    <failure>java.lang.RuntimeException: Intent in process com.baha.sushigarden resolved to different process com.baha.sushigarden.test: Intent { act=android.intent.action.MAIN cat=[android.intent.category.LAUNCHER] flg=0x10008000 cmp=com.baha.sushigarden.test/com.baha.sushigarden.HiltTestActivity }
at android.app.Instrumentation.startActivitySync(Instrumentation.java:607)
at androidx.test.core.app.InstrumentationActivityInvoker.startActivity(InstrumentationActivityInvoker.java:422)
at androidx.test.core.app.InstrumentationActivityInvoker.startActivity(InstrumentationActivityInvoker.java:428)
at androidx.test.core.app.ActivityScenario.launchInternal(ActivityScenario.java:367)
at androidx.test.core.app.ActivityScenario.launch(ActivityScenario.java:203)
at androidx.test.ext.junit.rules.ActivityScenarioRule.lambda$new$0(ActivityScenarioRule.java:77)
at androidx.test.ext.junit.rules.ActivityScenarioRule$$ExternalSyntheticLambda2.get(D8$$SyntheticClass:0)
at androidx.test.ext.junit.rules.ActivityScenarioRule.before(ActivityScenarioRule.java:112)
at org.junit.rules.ExternalResource$1.evaluate(ExternalResource.java:50)
at androidx.compose.ui.test.junit4.AndroidComposeTestRule$apply$1$evaluate$1.invoke(AndroidComposeTestRule.android.kt:272)
at androidx.compose.ui.test.junit4.AndroidComposeTestRule$apply$1$evaluate$1.invoke(AndroidComposeTestRule.android.kt:271)
at androidx.compose.ui.test.AndroidComposeUiTestEnvironment$AndroidComposeUiTestImpl.withDisposableContent(ComposeUiTest.android.kt:505)
at androidx.compose.ui.test.AndroidComposeUiTestEnvironment$runTest$1$1$1$1$1$1.invoke(ComposeUiTest.android.kt:333)
at androidx.compose.ui.test.AndroidComposeUiTestEnvironment.withComposeIdlingResource(ComposeUiTest.android.kt:385)
at androidx.compose.ui.test.AndroidComposeUiTestEnvironment.access$withComposeIdlingResource(ComposeUiTest.android.kt:219)
at androidx.compose.ui.test.AndroidComposeUiTestEnvironment$runTest$1$1$1$1$1.invoke(ComposeUiTest.android.kt:332)
at androidx.compose.ui.test.AndroidComposeUiTestEnvironment.withWindowRecomposer(ComposeUiTest.android.kt:359)
at androidx.compose.ui.test.AndroidComposeUiTestEnvironment.access$withWindowRecomposer(ComposeUiTest.android.kt:219)
at androidx.compose.ui.test.AndroidComposeUiTestEnvironment$runTest$1$1$1$1.invoke(ComposeUiTest.android.kt:331)
at androidx.compose.ui.test.AndroidComposeUiTestEnvironment.withTestCoroutines(ComposeUiTest.android.kt:372)
at androidx.compose.ui.test.AndroidComposeUiTestEnvironment.access$withTestCoroutines(ComposeUiTest.android.kt:219)
at androidx.compose.ui.test.AndroidComposeUiTestEnvironment$runTest$1$1$1.invoke(ComposeUiTest.android.kt:330)
at androidx.compose.ui.test.EspressoLink.withStrategy(EspressoLink.android.kt:66)
at androidx.compose.ui.test.AndroidComposeUiTestEnvironment$runTest$1$1.invoke(ComposeUiTest.android.kt:329)
at androidx.compose.ui.test.IdlingResourceRegistry.withRegistry(IdlingResourceRegistry.jvm.kt:155)
at androidx.compose.ui.test.AndroidComposeUiTestEnvironment$runTest$1.invoke(ComposeUiTest.android.kt:328)
at androidx.compose.ui.test.ComposeRootRegistry.withRegistry(ComposeRootRegistry.android.kt:146)
at androidx.compose.ui.test.AndroidComposeUiTestEnvironment.runTest(ComposeUiTest.android.kt:327)
at androidx.compose.ui.test.junit4.AndroidComposeTestRule$apply$1.evaluate(AndroidComposeTestRule.android.kt:271)
at dagger.hilt.android.internal.testing.MarkThatRulesRanRule$1.evaluate(MarkThatRulesRanRule.java:108)
at org.junit.runners.ParentRunner$3.evaluate(ParentRunner.java:306)
at org.junit.runners.BlockJUnit4ClassRunner$1.evaluate(BlockJUnit4ClassRunner.java:100)
at org.junit.runners.ParentRunner.runLeaf(ParentRunner.java:366)
at org.junit.runners.BlockJUnit4ClassRunner.runChild(BlockJUnit4ClassRunner.java:103)
at org.junit.runners.BlockJUnit4ClassRunner.runChild(BlockJUnit4ClassRunner.java:63)
at org.junit.runners.ParentRunner$4.run(ParentRunner.java:331)
at org.junit.runners.ParentRunner$1.schedule(ParentRunner.java:79)
at org.junit.runners.ParentRunner.runChildren(ParentRunner.java:329)
at org.junit.runners.ParentRunner.access$100(ParentRunner.java:66)
at org.junit.runners.ParentRunner$2.evaluate(ParentRunner.java:293)
at org.junit.runners.ParentRunner$3.evaluate(ParentRunner.java:306)
at org.junit.runners.ParentRunner.run(ParentRunner.java:413)
at org.junit.runners.Suite.runChild(Suite.java:128)
at org.junit.runners.Suite.runChild(Suite.java:27)
at org.junit.runners.ParentRunner$4.run(ParentRunner.java:331)
at org.junit.runners.ParentRunner$1.schedule(ParentRunner.java:79)
at org.junit.runners.ParentRunner.runChildren(ParentRunner.java:329)
at org.junit.runners.ParentRunner.access$100(ParentRunner.java:66)
at org.junit.runners.ParentRunner$2.evaluate(ParentRunner.java:293)
at org.junit.runners.ParentRunner$3.evaluate(ParentRunner.java:306)
at org.junit.runners.ParentRunner.run(ParentRunner.java:413)
at org.junit.runner.JUnitCore.run(JUnitCore.java:137)
at org.junit.runner.JUnitCore.run(JUnitCore.java:115)
at androidx.test.internal.runner.TestExecutor.execute(TestExecutor.java:68)
at androidx.test.internal.runner.TestExecutor.execute(TestExecutor.java:59)
at androidx.test.runner.AndroidJUnitRunner.onStart(AndroidJUnitRunner.java:463)
at android.app.Instrumentation$InstrumentationThread.run(Instrumentation.java:2597)
</failure>
  </testcase>
  <testcase name="catalog_showsProductGrid" classname="com.baha.sushigarden.CatalogFlowTest" time="0.003">
    <failure>java.lang.RuntimeException: Intent in process com.baha.sushigarden resolved to different process com.baha.sushigarden.test: Intent { act=android.intent.action.MAIN cat=[android.intent.category.LAUNCHER] flg=0x10008000 cmp=com.baha.sushigarden.test/com.baha.sushigarden.HiltTestActivity }
at android.app.Instrumentation.startActivitySync(Instrumentation.java:607)
at androidx.test.core.app.InstrumentationActivityInvoker.startActivity(InstrumentationActivityInvoker.java:422)
at androidx.test.core.app.InstrumentationActivityInvoker.startActivity(InstrumentationActivityInvoker.java:428)
at androidx.test.core.app.ActivityScenario.launchInternal(ActivityScenario.java:367)
at androidx.test.core.app.ActivityScenario.launch(ActivityScenario.java:203)
at androidx.test.ext.junit.rules.ActivityScenarioRule.lambda$new$0(ActivityScenarioRule.java:77)
at androidx.test.ext.junit.rules.ActivityScenarioRule$$ExternalSyntheticLambda2.get(D8$$SyntheticClass:0)
at androidx.test.ext.junit.rules.ActivityScenarioRule.before(ActivityScenarioRule.java:112)
at org.junit.rules.ExternalResource$1.evaluate(ExternalResource.java:50)
at androidx.compose.ui.test.junit4.AndroidComposeTestRule$apply$1$evaluate$1.invoke(AndroidComposeTestRule.android.kt:272)
at androidx.compose.ui.test.junit4.AndroidComposeTestRule$apply$1$evaluate$1.invoke(AndroidComposeTestRule.android.kt:271)
at androidx.compose.ui.test.AndroidComposeUiTestEnvironment$AndroidComposeUiTestImpl.withDisposableContent(ComposeUiTest.android.kt:505)
at androidx.compose.ui.test.AndroidComposeUiTestEnvironment$runTest$1$1$1$1$1$1.invoke(ComposeUiTest.android.kt:333)
at androidx.compose.ui.test.AndroidComposeUiTestEnvironment.withComposeIdlingResource(ComposeUiTest.android.kt:385)
at androidx.compose.ui.test.AndroidComposeUiTestEnvironment.access$withComposeIdlingResource(ComposeUiTest.android.kt:219)
at androidx.compose.ui.test.AndroidComposeUiTestEnvironment$runTest$1$1$1$1$1.invoke(ComposeUiTest.android.kt:332)
at androidx.compose.ui.test.AndroidComposeUiTestEnvironment.withWindowRecomposer(ComposeUiTest.android.kt:359)
at androidx.compose.ui.test.AndroidComposeUiTestEnvironment.access$withWindowRecomposer(ComposeUiTest.android.kt:219)
at androidx.compose.ui.test.AndroidComposeUiTestEnvironment$runTest$1$1$1$1.invoke(ComposeUiTest.android.kt:331)
at androidx.compose.ui.test.AndroidComposeUiTestEnvironment.withTestCoroutines(ComposeUiTest.android.kt:372)
at androidx.compose.ui.test.AndroidComposeUiTestEnvironment.access$withTestCoroutines(ComposeUiTest.android.kt:219)
at androidx.compose.ui.test.AndroidComposeUiTestEnvironment$runTest$1$1$1.invoke(ComposeUiTest.android.kt:330)
at androidx.compose.ui.test.EspressoLink.withStrategy(EspressoLink.android.kt:66)
at androidx.compose.ui.test.AndroidComposeUiTestEnvironment$runTest$1$1.invoke(ComposeUiTest.android.kt:329)
at androidx.compose.ui.test.IdlingResourceRegistry.withRegistry(IdlingResourceRegistry.jvm.kt:155)
at androidx.compose.ui.test.AndroidComposeUiTestEnvironment$runTest$1.invoke(ComposeUiTest.android.kt:328)
at androidx.compose.ui.test.ComposeRootRegistry.withRegistry(ComposeRootRegistry.android.kt:146)
at androidx.compose.ui.test.AndroidComposeUiTestEnvironment.runTest(ComposeUiTest.android.kt:327)
at androidx.compose.ui.test.junit4.AndroidComposeTestRule$apply$1.evaluate(AndroidComposeTestRule.android.kt:271)
at dagger.hilt.android.internal.testing.MarkThatRulesRanRule$1.evaluate(MarkThatRulesRanRule.java:108)
at org.junit.runners.ParentRunner$3.evaluate(ParentRunner.java:306)
at org.junit.runners.BlockJUnit4ClassRunner$1.evaluate(BlockJUnit4ClassRunner.java:100)
at org.junit.runners.ParentRunner.runLeaf(ParentRunner.java:366)
at org.junit.runners.BlockJUnit4ClassRunner.runChild(BlockJUnit4ClassRunner.java:103)
at org.junit.runners.BlockJUnit4ClassRunner.runChild(BlockJUnit4ClassRunner.java:63)
at org.junit.runners.ParentRunner$4.run(ParentRunner.java:331)
at org.junit.runners.ParentRunner$1.schedule(ParentRunner.java:79)
at org.junit.runners.ParentRunner.runChildren(ParentRunner.java:329)
at org.junit.runners.ParentRunner.access$100(ParentRunner.java:66)
at org.junit.runners.ParentRunner$2.evaluate(ParentRunner.java:293)
at org.junit.runners.ParentRunner$3.evaluate(ParentRunner.java:306)
at org.junit.runners.ParentRunner.run(ParentRunner.java:413)
at org.junit.runners.Suite.runChild(Suite.java:128)
at org.junit.runners.Suite.runChild(Suite.java:27)
at org.junit.runners.ParentRunner$4.run(ParentRunner.java:331)
at org.junit.runners.ParentRunner$1.schedule(ParentRunner.java:79)
at org.junit.runners.ParentRunner.runChildren(ParentRunner.java:329)
at org.junit.runners.ParentRunner.access$100(ParentRunner.java:66)
at org.junit.runners.ParentRunner$2.evaluate(ParentRunner.java:293)
at org.junit.runners.ParentRunner$3.evaluate(ParentRunner.java:306)
at org.junit.runners.ParentRunner.run(ParentRunner.java:413)
at org.junit.runner.JUnitCore.run(JUnitCore.java:137)
at org.junit.runner.JUnitCore.run(JUnitCore.java:115)
at androidx.test.internal.runner.TestExecutor.execute(TestExecutor.java:68)
at androidx.test.internal.runner.TestExecutor.execute(TestExecutor.java:59)
at androidx.test.runner.AndroidJUnitRunner.onStart(AndroidJUnitRunner.java:463)
at android.app.Instrumentation$InstrumentationThread.run(Instrumentation.java:2597)
</failure>
  </testcase>
  <testcase name="catalog_switchingCategoryShowsProducts" classname="com.baha.sushigarden.CatalogFlowTest" time="0.032">
    <failure>java.lang.RuntimeException: Intent in process com.baha.sushigarden resolved to different process com.baha.sushigarden.test: Intent { act=android.intent.action.MAIN cat=[android.intent.category.LAUNCHER] flg=0x10008000 cmp=com.baha.sushigarden.test/com.baha.sushigarden.HiltTestActivity }
at android.app.Instrumentation.startActivitySync(Instrumentation.java:607)
at androidx.test.core.app.InstrumentationActivityInvoker.startActivity(InstrumentationActivityInvoker.java:422)
at androidx.test.core.app.InstrumentationActivityInvoker.startActivity(InstrumentationActivityInvoker.java:428)
at androidx.test.core.app.ActivityScenario.launchInternal(ActivityScenario.java:367)
at androidx.test.core.app.ActivityScenario.launch(ActivityScenario.java:203)
at androidx.test.ext.junit.rules.ActivityScenarioRule.lambda$new$0(ActivityScenarioRule.java:77)
at androidx.test.ext.junit.rules.ActivityScenarioRule$$ExternalSyntheticLambda2.get(D8$$SyntheticClass:0)
at androidx.test.ext.junit.rules.ActivityScenarioRule.before(ActivityScenarioRule.java:112)
at org.junit.rules.ExternalResource$1.evaluate(ExternalResource.java:50)
at androidx.compose.ui.test.junit4.AndroidComposeTestRule$apply$1$evaluate$1.invoke(AndroidComposeTestRule.android.kt:272)
at androidx.compose.ui.test.junit4.AndroidComposeTestRule$apply$1$evaluate$1.invoke(AndroidComposeTestRule.android.kt:271)
at androidx.compose.ui.test.AndroidComposeUiTestEnvironment$AndroidComposeUiTestImpl.withDisposableContent(ComposeUiTest.android.kt:505)
at androidx.compose.ui.test.AndroidComposeUiTestEnvironment$runTest$1$1$1$1$1$1.invoke(ComposeUiTest.android.kt:333)
at androidx.compose.ui.test.AndroidComposeUiTestEnvironment.withComposeIdlingResource(ComposeUiTest.android.kt:385)
at androidx.compose.ui.test.AndroidComposeUiTestEnvironment.access$withComposeIdlingResource(ComposeUiTest.android.kt:219)
at androidx.compose.ui.test.AndroidComposeUiTestEnvironment$runTest$1$1$1$1$1.invoke(ComposeUiTest.android.kt:332)
at androidx.compose.ui.test.AndroidComposeUiTestEnvironment.withWindowRecomposer(ComposeUiTest.android.kt:359)
at androidx.compose.ui.test.AndroidComposeUiTestEnvironment.access$withWindowRecomposer(ComposeUiTest.android.kt:219)
at androidx.compose.ui.test.AndroidComposeUiTestEnvironment$runTest$1$1$1$1.invoke(ComposeUiTest.android.kt:331)
at androidx.compose.ui.test.AndroidComposeUiTestEnvironment.withTestCoroutines(ComposeUiTest.android.kt:372)
at androidx.compose.ui.test.AndroidComposeUiTestEnvironment.access$withTestCoroutines(ComposeUiTest.android.kt:219)
at androidx.compose.ui.test.AndroidComposeUiTestEnvironment$runTest$1$1$1.invoke(ComposeUiTest.android.kt:330)
at androidx.compose.ui.test.EspressoLink.withStrategy(EspressoLink.android.kt:66)
at androidx.compose.ui.test.AndroidComposeUiTestEnvironment$runTest$1$1.invoke(ComposeUiTest.android.kt:329)
at androidx.compose.ui.test.IdlingResourceRegistry.withRegistry(IdlingResourceRegistry.jvm.kt:155)
at androidx.compose.ui.test.AndroidComposeUiTestEnvironment$runTest$1.invoke(ComposeUiTest.android.kt:328)
at androidx.compose.ui.test.ComposeRootRegistry.withRegistry(ComposeRootRegistry.android.kt:146)
at androidx.compose.ui.test.AndroidComposeUiTestEnvironment.runTest(ComposeUiTest.android.kt:327)
at androidx.compose.ui.test.junit4.AndroidComposeTestRule$apply$1.evaluate(AndroidComposeTestRule.android.kt:271)
at dagger.hilt.android.internal.testing.MarkThatRulesRanRule$1.evaluate(MarkThatRulesRanRule.java:108)
at org.junit.runners.ParentRunner$3.evaluate(ParentRunner.java:306)
at org.junit.runners.BlockJUnit4ClassRunner$1.evaluate(BlockJUnit4ClassRunner.java:100)
at org.junit.runners.ParentRunner.runLeaf(ParentRunner.java:366)
at org.junit.runners.BlockJUnit4ClassRunner.runChild(BlockJUnit4ClassRunner.java:103)
at org.junit.runners.BlockJUnit4ClassRunner.runChild(BlockJUnit4ClassRunner.java:63)
at org.junit.runners.ParentRunner$4.run(ParentRunner.java:331)
at org.junit.runners.ParentRunner$1.schedule(ParentRunner.java:79)
at org.junit.runners.ParentRunner.runChildren(ParentRunner.java:329)
at org.junit.runners.ParentRunner.access$100(ParentRunner.java:66)
at org.junit.runners.ParentRunner$2.evaluate(ParentRunner.java:293)
at org.junit.runners.ParentRunner$3.evaluate(ParentRunner.java:306)
at org.junit.runners.ParentRunner.run(ParentRunner.java:413)
at org.junit.runners.Suite.runChild(Suite.java:128)
at org.junit.runners.Suite.runChild(Suite.java:27)
at org.junit.runners.ParentRunner$4.run(ParentRunner.java:331)
at org.junit.runners.ParentRunner$1.schedule(ParentRunner.java:79)
at org.junit.runners.ParentRunner.runChildren(ParentRunner.java:329)
at org.junit.runners.ParentRunner.access$100(ParentRunner.java:66)
at org.junit.runners.ParentRunner$2.evaluate(ParentRunner.java:293)
at org.junit.runners.ParentRunner$3.evaluate(ParentRunner.java:306)
at org.junit.runners.ParentRunner.run(ParentRunner.java:413)
at org.junit.runner.JUnitCore.run(JUnitCore.java:137)
at org.junit.runner.JUnitCore.run(JUnitCore.java:115)
at androidx.test.internal.runner.TestExecutor.execute(TestExecutor.java:68)
at androidx.test.internal.runner.TestExecutor.execute(TestExecutor.java:59)
at androidx.test.runner.AndroidJUnitRunner.onStart(AndroidJUnitRunner.java:463)
at android.app.Instrumentation$InstrumentationThread.run(Instrumentation.java:2597)
</failure>
  </testcase>
  <testcase name="checkoutScreen_showsFields" classname="com.baha.sushigarden.CheckoutFlowTest" time="0.003">
    <failure>java.lang.RuntimeException: Intent in process com.baha.sushigarden resolved to different process com.baha.sushigarden.test: Intent { act=android.intent.action.MAIN cat=[android.intent.category.LAUNCHER] flg=0x10008000 cmp=com.baha.sushigarden.test/com.baha.sushigarden.HiltTestActivity }
at android.app.Instrumentation.startActivitySync(Instrumentation.java:607)
at androidx.test.core.app.InstrumentationActivityInvoker.startActivity(InstrumentationActivityInvoker.java:422)
at androidx.test.core.app.InstrumentationActivityInvoker.startActivity(InstrumentationActivityInvoker.java:428)
at androidx.test.core.app.ActivityScenario.launchInternal(ActivityScenario.java:367)
at androidx.test.core.app.ActivityScenario.launch(ActivityScenario.java:203)
at androidx.test.ext.junit.rules.ActivityScenarioRule.lambda$new$0(ActivityScenarioRule.java:77)
at androidx.test.ext.junit.rules.ActivityScenarioRule$$ExternalSyntheticLambda2.get(D8$$SyntheticClass:0)
at androidx.test.ext.junit.rules.ActivityScenarioRule.before(ActivityScenarioRule.java:112)
at org.junit.rules.ExternalResource$1.evaluate(ExternalResource.java:50)
at androidx.compose.ui.test.junit4.AndroidComposeTestRule$apply$1$evaluate$1.invoke(AndroidComposeTestRule.android.kt:272)
at androidx.compose.ui.test.junit4.AndroidComposeTestRule$apply$1$evaluate$1.invoke(AndroidComposeTestRule.android.kt:271)
at androidx.compose.ui.test.AndroidComposeUiTestEnvironment$AndroidComposeUiTestImpl.withDisposableContent(ComposeUiTest.android.kt:505)
at androidx.compose.ui.test.AndroidComposeUiTestEnvironment$runTest$1$1$1$1$1$1.invoke(ComposeUiTest.android.kt:333)
at androidx.compose.ui.test.AndroidComposeUiTestEnvironment.withComposeIdlingResource(ComposeUiTest.android.kt:385)
at androidx.compose.ui.test.AndroidComposeUiTestEnvironment.access$withComposeIdlingResource(ComposeUiTest.android.kt:219)
at androidx.compose.ui.test.AndroidComposeUiTestEnvironment$runTest$1$1$1$1$1.invoke(ComposeUiTest.android.kt:332)
at androidx.compose.ui.test.AndroidComposeUiTestEnvironment.withWindowRecomposer(ComposeUiTest.android.kt:359)
at androidx.compose.ui.test.AndroidComposeUiTestEnvironment.access$withWindowRecomposer(ComposeUiTest.android.kt:219)
at androidx.compose.ui.test.AndroidComposeUiTestEnvironment$runTest$1$1$1$1.invoke(ComposeUiTest.android.kt:331)
at androidx.compose.ui.test.AndroidComposeUiTestEnvironment.withTestCoroutines(ComposeUiTest.android.kt:372)
at androidx.compose.ui.test.AndroidComposeUiTestEnvironment.access$withTestCoroutines(ComposeUiTest.android.kt:219)
at androidx.compose.ui.test.AndroidComposeUiTestEnvironment$runTest$1$1$1.invoke(ComposeUiTest.android.kt:330)
at androidx.compose.ui.test.EspressoLink.withStrategy(EspressoLink.android.kt:66)
at androidx.compose.ui.test.AndroidComposeUiTestEnvironment$runTest$1$1.invoke(ComposeUiTest.android.kt:329)
at androidx.compose.ui.test.IdlingResourceRegistry.withRegistry(IdlingResourceRegistry.jvm.kt:155)
at androidx.compose.ui.test.AndroidComposeUiTestEnvironment$runTest$1.invoke(ComposeUiTest.android.kt:328)
at androidx.compose.ui.test.ComposeRootRegistry.withRegistry(ComposeRootRegistry.android.kt:146)
at androidx.compose.ui.test.AndroidComposeUiTestEnvironment.runTest(ComposeUiTest.android.kt:327)
at androidx.compose.ui.test.junit4.AndroidComposeTestRule$apply$1.evaluate(AndroidComposeTestRule.android.kt:271)
at dagger.hilt.android.internal.testing.MarkThatRulesRanRule$1.evaluate(MarkThatRulesRanRule.java:108)
at org.junit.runners.ParentRunner$3.evaluate(ParentRunner.java:306)
at org.junit.runners.BlockJUnit4ClassRunner$1.evaluate(BlockJUnit4ClassRunner.java:100)
at org.junit.runners.ParentRunner.runLeaf(ParentRunner.java:366)
at org.junit.runners.BlockJUnit4ClassRunner.runChild(BlockJUnit4ClassRunner.java:103)
at org.junit.runners.BlockJUnit4ClassRunner.runChild(BlockJUnit4ClassRunner.java:63)
at org.junit.runners.ParentRunner$4.run(ParentRunner.java:331)
at org.junit.runners.ParentRunner$1.schedule(ParentRunner.java:79)
at org.junit.runners.ParentRunner.runChildren(ParentRunner.java:329)
at org.junit.runners.ParentRunner.access$100(ParentRunner.java:66)
at org.junit.runners.ParentRunner$2.evaluate(ParentRunner.java:293)
at org.junit.runners.ParentRunner$3.evaluate(ParentRunner.java:306)
at org.junit.runners.ParentRunner.run(ParentRunner.java:413)
at org.junit.runners.Suite.runChild(Suite.java:128)
at org.junit.runners.Suite.runChild(Suite.java:27)
at org.junit.runners.ParentRunner$4.run(ParentRunner.java:331)
at org.junit.runners.ParentRunner$1.schedule(ParentRunner.java:79)
at org.junit.runners.ParentRunner.runChildren(ParentRunner.java:329)
at org.junit.runners.ParentRunner.access$100(ParentRunner.java:66)
at org.junit.runners.ParentRunner$2.evaluate(ParentRunner.java:293)
at org.junit.runners.ParentRunner$3.evaluate(ParentRunner.java:306)
at org.junit.runners.ParentRunner.run(ParentRunner.java:413)
at org.junit.runner.JUnitCore.run(JUnitCore.java:137)
at org.junit.runner.JUnitCore.run(JUnitCore.java:115)
at androidx.test.internal.runner.TestExecutor.execute(TestExecutor.java:68)
at androidx.test.internal.runner.TestExecutor.execute(TestExecutor.java:59)
at androidx.test.runner.AndroidJUnitRunner.onStart(AndroidJUnitRunner.java:463)
at android.app.Instrumentation$InstrumentationThread.run(Instrumentation.java:2597)
</failure>
  </testcase>
  <testcase name="checkout_showsDeliveryFees" classname="com.baha.sushigarden.CheckoutFlowTest" time="0.03">
    <failure>java.lang.RuntimeException: Intent in process com.baha.sushigarden resolved to different process com.baha.sushigarden.test: Intent { act=android.intent.action.MAIN cat=[android.intent.category.LAUNCHER] flg=0x10008000 cmp=com.baha.sushigarden.test/com.baha.sushigarden.HiltTestActivity }
at android.app.Instrumentation.startActivitySync(Instrumentation.java:607)
at androidx.test.core.app.InstrumentationActivityInvoker.startActivity(InstrumentationActivityInvoker.java:422)
at androidx.test.core.app.InstrumentationActivityInvoker.startActivity(InstrumentationActivityInvoker.java:428)
at androidx.test.core.app.ActivityScenario.launchInternal(ActivityScenario.java:367)
at androidx.test.core.app.ActivityScenario.launch(ActivityScenario.java:203)
at androidx.test.ext.junit.rules.ActivityScenarioRule.lambda$new$0(ActivityScenarioRule.java:77)
at androidx.test.ext.junit.rules.ActivityScenarioRule$$ExternalSyntheticLambda2.get(D8$$SyntheticClass:0)
at androidx.test.ext.junit.rules.ActivityScenarioRule.before(ActivityScenarioRule.java:112)
at org.junit.rules.ExternalResource$1.evaluate(ExternalResource.java:50)
at androidx.compose.ui.test.junit4.AndroidComposeTestRule$apply$1$evaluate$1.invoke(AndroidComposeTestRule.android.kt:272)
at androidx.compose.ui.test.junit4.AndroidComposeTestRule$apply$1$evaluate$1.invoke(AndroidComposeTestRule.android.kt:271)
at androidx.compose.ui.test.AndroidComposeUiTestEnvironment$AndroidComposeUiTestImpl.withDisposableContent(ComposeUiTest.android.kt:505)
at androidx.compose.ui.test.AndroidComposeUiTestEnvironment$runTest$1$1$1$1$1$1.invoke(ComposeUiTest.android.kt:333)
at androidx.compose.ui.test.AndroidComposeUiTestEnvironment.withComposeIdlingResource(ComposeUiTest.android.kt:385)
at androidx.compose.ui.test.AndroidComposeUiTestEnvironment.access$withComposeIdlingResource(ComposeUiTest.android.kt:219)
at androidx.compose.ui.test.AndroidComposeUiTestEnvironment$runTest$1$1$1$1$1.invoke(ComposeUiTest.android.kt:332)
at androidx.compose.ui.test.AndroidComposeUiTestEnvironment.withWindowRecomposer(ComposeUiTest.android.kt:359)
at androidx.compose.ui.test.AndroidComposeUiTestEnvironment.access$withWindowRecomposer(ComposeUiTest.android.kt:219)
at androidx.compose.ui.test.AndroidComposeUiTestEnvironment$runTest$1$1$1$1.invoke(ComposeUiTest.android.kt:331)
at androidx.compose.ui.test.AndroidComposeUiTestEnvironment.withTestCoroutines(ComposeUiTest.android.kt:372)
at androidx.compose.ui.test.AndroidComposeUiTestEnvironment.access$withTestCoroutines(ComposeUiTest.android.kt:219)
at androidx.compose.ui.test.AndroidComposeUiTestEnvironment$runTest$1$1$1.invoke(ComposeUiTest.android.kt:330)
at androidx.compose.ui.test.EspressoLink.withStrategy(EspressoLink.android.kt:66)
at androidx.compose.ui.test.AndroidComposeUiTestEnvironment$runTest$1$1.invoke(ComposeUiTest.android.kt:329)
at androidx.compose.ui.test.IdlingResourceRegistry.withRegistry(IdlingResourceRegistry.jvm.kt:155)
at androidx.compose.ui.test.AndroidComposeUiTestEnvironment$runTest$1.invoke(ComposeUiTest.android.kt:328)
[...]
at androidx.compose.ui.test.AndroidComposeUiTestEnvironment.access$withComposeIdlingResource(ComposeUiTest.android.kt:219)
at androidx.compose.ui.test.AndroidComposeUiTestEnvironment$runTest$1$1$1$1$1.invoke(ComposeUiTest.android.kt:332)
at androidx.compose.ui.test.AndroidComposeUiTestEnvironment.withWindowRecomposer(ComposeUiTest.android.kt:359)
at androidx.compose.ui.test.AndroidComposeUiTestEnvironment.access$withWindowRecomposer(ComposeUiTest.android.kt:219)
at androidx.compose.ui.test.AndroidComposeUiTestEnvironment$runTest$1$1$1$1.invoke(ComposeUiTest.android.kt:331)
at androidx.compose.ui.test.AndroidComposeUiTestEnvironment.withTestCoroutines(ComposeUiTest.android.kt:372)
at androidx.compose.ui.test.AndroidComposeUiTestEnvironment.access$withTestCoroutines(ComposeUiTest.android.kt:219)
at androidx.compose.ui.test.AndroidComposeUiTestEnvironment$runTest$1$1$1.invoke(ComposeUiTest.android.kt:330)
at androidx.compose.ui.test.EspressoLink.withStrategy(EspressoLink.android.kt:66)
at androidx.compose.ui.test.AndroidComposeUiTestEnvironment$runTest$1$1.invoke(ComposeUiTest.android.kt:329)
at androidx.compose.ui.test.IdlingResourceRegistry.withRegistry(IdlingResourceRegistry.jvm.kt:155)
at androidx.compose.ui.test.AndroidComposeUiTestEnvironment$runTest$1.invoke(ComposeUiTest.android.kt:328)
at androidx.compose.ui.test.ComposeRootRegistry.withRegistry(ComposeRootRegistry.android.kt:146)
at androidx.compose.ui.test.AndroidComposeUiTestEnvironment.runTest(ComposeUiTest.android.kt:327)
at androidx.compose.ui.test.junit4.AndroidComposeTestRule$apply$1.evaluate(AndroidComposeTestRule.android.kt:271)
at dagger.hilt.android.internal.testing.MarkThatRulesRanRule$1.evaluate(MarkThatRulesRanRule.java:108)
at org.junit.runners.ParentRunner$3.evaluate(ParentRunner.java:306)
at org.junit.runners.BlockJUnit4ClassRunner$1.evaluate(BlockJUnit4ClassRunner.java:100)
at org.junit.runners.ParentRunner.runLeaf(ParentRunner.java:366)
at org.junit.runners.BlockJUnit4ClassRunner.runChild(BlockJUnit4ClassRunner.java:103)
at org.junit.runners.BlockJUnit4ClassRunner.runChild(BlockJUnit4ClassRunner.java:63)
at org.junit.runners.ParentRunner$4.run(ParentRunner.java:331)
at org.junit.runners.ParentRunner$1.schedule(ParentRunner.java:79)
at org.junit.runners.ParentRunner.runChildren(ParentRunner.java:329)
at org.junit.runners.ParentRunner.access$100(ParentRunner.java:66)
at org.junit.runners.ParentRunner$2.evaluate(ParentRunner.java:293)
at org.junit.runners.ParentRunner$3.evaluate(ParentRunner.java:306)
at org.junit.runners.ParentRunner.run(ParentRunner.java:413)
at org.junit.runners.Suite.runChild(Suite.java:128)
at org.junit.runners.Suite.runChild(Suite.java:27)
at org.junit.runners.ParentRunner$4.run(ParentRunner.java:331)
at org.junit.runners.ParentRunner$1.schedule(ParentRunner.java:79)
at org.junit.runners.ParentRunner.runChildren(ParentRunner.java:329)
at org.junit.runners.ParentRunner.access$100(ParentRunner.java:66)
at org.junit.runners.ParentRunner$2.evaluate(ParentRunner.java:293)
at org.junit.runners.ParentRunner$3.evaluate(ParentRunner.java:306)
at org.junit.runners.ParentRunner.run(ParentRunner.java:413)
at org.junit.runner.JUnitCore.run(JUnitCore.java:137)
at org.junit.runner.JUnitCore.run(JUnitCore.java:115)
at androidx.test.internal.runner.TestExecutor.execute(TestExecutor.java:68)
at androidx.test.internal.runner.TestExecutor.execute(TestExecutor.java:59)
at androidx.test.runner.AndroidJUnitRunner.onStart(AndroidJUnitRunner.java:463)
at android.app.Instrumentation$InstrumentationThread.run(Instrumentation.java:2597)
</failure>
  </testcase>
  <testcase name="profileScreen_showsLogoutButton" classname="com.baha.sushigarden.ProfileFlowTest" time="0.005">
    <failure>java.lang.RuntimeException: Intent in process com.baha.sushigarden resolved to different process com.baha.sushigarden.test: Intent { act=android.intent.action.MAIN cat=[android.intent.category.LAUNCHER] flg=0x10008000 cmp=com.baha.sushigarden.test/com.baha.sushigarden.HiltTestActivity }
at android.app.Instrumentation.startActivitySync(Instrumentation.java:607)
at androidx.test.core.app.InstrumentationActivityInvoker.startActivity(InstrumentationActivityInvoker.java:422)
at androidx.test.core.app.InstrumentationActivityInvoker.startActivity(InstrumentationActivityInvoker.java:428)
at androidx.test.core.app.ActivityScenario.launchInternal(ActivityScenario.java:367)
at androidx.test.core.app.ActivityScenario.launch(ActivityScenario.java:203)
at androidx.test.ext.junit.rules.ActivityScenarioRule.lambda$new$0(ActivityScenarioRule.java:77)
at androidx.test.ext.junit.rules.ActivityScenarioRule$$ExternalSyntheticLambda2.get(D8$$SyntheticClass:0)
at androidx.test.ext.junit.rules.ActivityScenarioRule.before(ActivityScenarioRule.java:112)
at org.junit.rules.ExternalResource$1.evaluate(ExternalResource.java:50)
at androidx.compose.ui.test.junit4.AndroidComposeTestRule$apply$1$evaluate$1.invoke(AndroidComposeTestRule.android.kt:272)
at androidx.compose.ui.test.junit4.AndroidComposeTestRule$apply$1$evaluate$1.invoke(AndroidComposeTestRule.android.kt:271)
at androidx.compose.ui.test.AndroidComposeUiTestEnvironment$AndroidComposeUiTestImpl.withDisposableContent(ComposeUiTest.android.kt:505)
at androidx.compose.ui.test.AndroidComposeUiTestEnvironment$runTest$1$1$1$1$1$1.invoke(ComposeUiTest.android.kt:333)
at androidx.compose.ui.test.AndroidComposeUiTestEnvironment.withComposeIdlingResource(ComposeUiTest.android.kt:385)
at androidx.compose.ui.test.AndroidComposeUiTestEnvironment.access$withComposeIdlingResource(ComposeUiTest.android.kt:219)
at androidx.compose.ui.test.AndroidComposeUiTestEnvironment$runTest$1$1$1$1$1.invoke(ComposeUiTest.android.kt:332)
at androidx.compose.ui.test.AndroidComposeUiTestEnvironment.withWindowRecomposer(ComposeUiTest.android.kt:359)
at androidx.compose.ui.test.AndroidComposeUiTestEnvironment.access$withWindowRecomposer(ComposeUiTest.android.kt:219)
at androidx.compose.ui.test.AndroidComposeUiTestEnvironment$runTest$1$1$1$1.invoke(ComposeUiTest.android.kt:331)
at androidx.compose.ui.test.AndroidComposeUiTestEnvironment.withTestCoroutines(ComposeUiTest.android.kt:372)
at androidx.compose.ui.test.AndroidComposeUiTestEnvironment.access$withTestCoroutines(ComposeUiTest.android.kt:219)
at androidx.compose.ui.test.AndroidComposeUiTestEnvironment$runTest$1$1$1.invoke(ComposeUiTest.android.kt:330)
at androidx.compose.ui.test.EspressoLink.withStrategy(EspressoLink.android.kt:66)
at androidx.compose.ui.test.AndroidComposeUiTestEnvironment$runTest$1$1.invoke(ComposeUiTest.android.kt:329)
at androidx.compose.ui.test.IdlingResourceRegistry.withRegistry(IdlingResourceRegistry.jvm.kt:155)
at androidx.compose.ui.test.AndroidComposeUiTestEnvironment$runTest$1.invoke(ComposeUiTest.android.kt:328)
at androidx.compose.ui.test.ComposeRootRegistry.withRegistry(ComposeRootRegistry.android.kt:146)
at androidx.compose.ui.test.AndroidComposeUiTestEnvironment.runTest(ComposeUiTest.android.kt:327)
at androidx.compose.ui.test.junit4.AndroidComposeTestRule$apply$1.evaluate(AndroidComposeTestRule.android.kt:271)
at dagger.hilt.android.internal.testing.MarkThatRulesRanRule$1.evaluate(MarkThatRulesRanRule.java:108)
at org.junit.runners.ParentRunner$3.evaluate(ParentRunner.java:306)
at org.junit.runners.BlockJUnit4ClassRunner$1.evaluate(BlockJUnit4ClassRunner.java:100)
at org.junit.runners.ParentRunner.runLeaf(ParentRunner.java:366)
at org.junit.runners.BlockJUnit4ClassRunner.runChild(BlockJUnit4ClassRunner.java:103)
at org.junit.runners.BlockJUnit4ClassRunner.runChild(BlockJUnit4ClassRunner.java:63)
at org.junit.runners.ParentRunner$4.run(ParentRunner.java:331)
at org.junit.runners.ParentRunner$1.schedule(ParentRunner.java:79)
at org.junit.runners.ParentRunner.runChildren(ParentRunner.java:329)
at org.junit.runners.ParentRunner.access$100(ParentRunner.java:66)
at org.junit.runners.ParentRunner$2.evaluate(ParentRunner.java:293)
at org.junit.runners.ParentRunner$3.evaluate(ParentRunner.java:306)
at org.junit.runners.ParentRunner.run(ParentRunner.java:413)
at org.junit.runners.Suite.runChild(Suite.java:128)
at org.junit.runners.Suite.runChild(Suite.java:27)
at org.junit.runners.ParentRunner$4.run(ParentRunner.java:331)
at org.junit.runners.ParentRunner$1.schedule(ParentRunner.java:79)
at org.junit.runners.ParentRunner.runChildren(ParentRunner.java:329)
at org.junit.runners.ParentRunner.access$100(ParentRunner.java:66)
at org.junit.runners.ParentRunner$2.evaluate(ParentRunner.java:293)
at org.junit.runners.ParentRunner$3.evaluate(ParentRunner.java:306)
at org.junit.runners.ParentRunner.run(ParentRunner.java:413)
at org.junit.runner.JUnitCore.run(JUnitCore.java:137)
at org.junit.runner.JUnitCore.run(JUnitCore.java:115)
at androidx.test.internal.runner.TestExecutor.execute(TestExecutor.java:68)
at androidx.test.internal.runner.TestExecutor.execute(TestExecutor.java:59)
at androidx.test.runner.AndroidJUnitRunner.onStart(AndroidJUnitRunner.java:463)
at android.app.Instrumentation$InstrumentationThread.run(Instrumentation.java:2597)
</failure>
  </testcase>
  <testcase name="promotionsScreen_displaysBanners" classname="com.baha.sushigarden.PromotionsFlowTest" time="0.004">
    <failure>java.lang.RuntimeException: Intent in process com.baha.sushigarden resolved to different process com.baha.sushigarden.test: Intent { act=android.intent.action.MAIN cat=[android.intent.category.LAUNCHER] flg=0x10008000 cmp=com.baha.sushigarden.test/com.baha.sushigarden.HiltTestActivity }
at android.app.Instrumentation.startActivitySync(Instrumentation.java:607)
at androidx.test.core.app.InstrumentationActivityInvoker.startActivity(InstrumentationActivityInvoker.java:422)
at androidx.test.core.app.InstrumentationActivityInvoker.startActivity(InstrumentationActivityInvoker.java:428)
at androidx.test.core.app.ActivityScenario.launchInternal(ActivityScenario.java:367)
at androidx.test.core.app.ActivityScenario.launch(ActivityScenario.java:203)
at androidx.test.ext.junit.rules.ActivityScenarioRule.lambda$new$0(ActivityScenarioRule.java:77)
at androidx.test.ext.junit.rules.ActivityScenarioRule$$ExternalSyntheticLambda2.get(D8$$SyntheticClass:0)
at androidx.test.ext.junit.rules.ActivityScenarioRule.before(ActivityScenarioRule.java:112)
at org.junit.rules.ExternalResource$1.evaluate(ExternalResource.java:50)
at androidx.compose.ui.test.junit4.AndroidComposeTestRule$apply$1$evaluate$1.invoke(AndroidComposeTestRule.android.kt:272)
at androidx.compose.ui.test.junit4.AndroidComposeTestRule$apply$1$evaluate$1.invoke(AndroidComposeTestRule.android.kt:271)
at androidx.compose.ui.test.AndroidComposeUiTestEnvironment$AndroidComposeUiTestImpl.withDisposableContent(ComposeUiTest.android.kt:505)
at androidx.compose.ui.test.AndroidComposeUiTestEnvironment$runTest$1$1$1$1$1$1.invoke(ComposeUiTest.android.kt:333)
at androidx.compose.ui.test.AndroidComposeUiTestEnvironment.withComposeIdlingResource(ComposeUiTest.android.kt:385)
at androidx.compose.ui.test.AndroidComposeUiTestEnvironment.access$withComposeIdlingResource(ComposeUiTest.android.kt:219)
at androidx.compose.ui.test.AndroidComposeUiTestEnvironment$runTest$1$1$1$1$1.invoke(ComposeUiTest.android.kt:332)
at androidx.compose.ui.test.AndroidComposeUiTestEnvironment.withWindowRecomposer(ComposeUiTest.android.kt:359)
at androidx.compose.ui.test.AndroidComposeUiTestEnvironment.access$withWindowRecomposer(ComposeUiTest.android.kt:219)
at androidx.compose.ui.test.AndroidComposeUiTestEnvironment$runTest$1$1$1$1.invoke(ComposeUiTest.android.kt:331)
at androidx.compose.ui.test.AndroidComposeUiTestEnvironment.withTestCoroutines(ComposeUiTest.android.kt:372)
at androidx.compose.ui.test.AndroidComposeUiTestEnvironment.access$withTestCoroutines(ComposeUiTest.android.kt:219)
at androidx.compose.ui.test.AndroidComposeUiTestEnvironment$runTest$1$1$1.invoke(ComposeUiTest.android.kt:330)
at androidx.compose.ui.test.EspressoLink.withStrategy(EspressoLink.android.kt:66)
at androidx.compose.ui.test.AndroidComposeUiTestEnvironment$runTest$1$1.invoke(ComposeUiTest.android.kt:329)
at androidx.compose.ui.test.IdlingResourceRegistry.withRegistry(IdlingResourceRegistry.jvm.kt:155)
at androidx.compose.ui.test.AndroidComposeUiTestEnvironment$runTest$1.invoke(ComposeUiTest.android.kt:328)
at androidx.compose.ui.test.ComposeRootRegistry.withRegistry(ComposeRootRegistry.android.kt:146)
at androidx.compose.ui.test.AndroidComposeUiTestEnvironment.runTest(ComposeUiTest.android.kt:327)
at androidx.compose.ui.test.junit4.AndroidComposeTestRule$apply$1.evaluate(AndroidComposeTestRule.android.kt:271)
at dagger.hilt.android.internal.testing.MarkThatRulesRanRule$1.evaluate(MarkThatRulesRanRule.java:108)
at org.junit.runners.ParentRunner$3.evaluate(ParentRunner.java:306)
at org.junit.runners.BlockJUnit4ClassRunner$1.evaluate(BlockJUnit4ClassRunner.java:100)
at org.junit.runners.ParentRunner.runLeaf(ParentRunner.java:366)
at org.junit.runners.BlockJUnit4ClassRunner.runChild(BlockJUnit4ClassRunner.java:103)
at org.junit.runners.BlockJUnit4ClassRunner.runChild(BlockJUnit4ClassRunner.java:63)
at org.junit.runners.ParentRunner$4.run(ParentRunner.java:331)
at org.junit.runners.ParentRunner$1.schedule(ParentRunner.java:79)
at org.junit.runners.ParentRunner.runChildren(ParentRunner.java:329)
at org.junit.runners.ParentRunner.access$100(ParentRunner.java:66)
at org.junit.runners.ParentRunner$2.evaluate(ParentRunner.java:293)
at org.junit.runners.ParentRunner$3.evaluate(ParentRunner.java:306)
at org.junit.runners.ParentRunner.run(ParentRunner.java:413)
at org.junit.runners.Suite.runChild(Suite.java:128)
at org.junit.runners.Suite.runChild(Suite.java:27)
at org.junit.runners.ParentRunner$4.run(ParentRunner.java:331)
at org.junit.runners.ParentRunner$1.schedule(ParentRunner.java:79)
at org.junit.runners.ParentRunner.runChildren(ParentRunner.java:329)
at org.junit.runners.ParentRunner.access$100(ParentRunner.java:66)
at org.junit.runners.ParentRunner$2.evaluate(ParentRunner.java:293)
at org.junit.runners.ParentRunner$3.evaluate(ParentRunner.java:306)
at org.junit.runners.ParentRunner.run(ParentRunner.java:413)
at org.junit.runner.JUnitCore.run(JUnitCore.java:137)
at org.junit.runner.JUnitCore.run(JUnitCore.java:115)
at androidx.test.internal.runner.TestExecutor.execute(TestExecutor.java:68)
at androidx.test.internal.runner.TestExecutor.execute(TestExecutor.java:59)
at androidx.test.runner.AndroidJUnitRunner.onStart(AndroidJUnitRunner.java:463)
at android.app.Instrumentation$InstrumentationThread.run(Instrumentation.java:2597)
</failure>
  </testcase>
  <testcase name="trackingScreen_showsCourierName" classname="com.baha.sushigarden.TrackingFlowTest" time="0.034">
    <failure>java.lang.RuntimeException: Intent in process com.baha.sushigarden resolved to different process com.baha.sushigarden.test: Intent { act=android.intent.action.MAIN cat=[android.intent.category.LAUNCHER] flg=0x10008000 cmp=com.baha.sushigarden.test/com.baha.sushigarden.HiltTestActivity }
at android.app.Instrumentation.startActivitySync(Instrumentation.java:607)
at androidx.test.core.app.InstrumentationActivityInvoker.startActivity(InstrumentationActivityInvoker.java:422)
at androidx.test.core.app.InstrumentationActivityInvoker.startActivity(InstrumentationActivityInvoker.java:428)
at androidx.test.core.app.ActivityScenario.launchInternal(ActivityScenario.java:367)
at androidx.test.core.app.ActivityScenario.launch(ActivityScenario.java:203)
at androidx.test.ext.junit.rules.ActivityScenarioRule.lambda$new$0(ActivityScenarioRule.java:77)
at androidx.test.ext.junit.rules.ActivityScenarioRule$$ExternalSyntheticLambda2.get(D8$$SyntheticClass:0)
at androidx.test.ext.junit.rules.ActivityScenarioRule.before(ActivityScenarioRule.java:112)
at org.junit.rules.ExternalResource$1.evaluate(ExternalResource.java:50)
at androidx.compose.ui.test.junit4.AndroidComposeTestRule$apply$1$evaluate$1.invoke(AndroidComposeTestRule.android.kt:272)
at androidx.compose.ui.test.junit4.AndroidComposeTestRule$apply$1$evaluate$1.invoke(AndroidComposeTestRule.android.kt:271)
at androidx.compose.ui.test.AndroidComposeUiTestEnvironment$AndroidComposeUiTestImpl.withDisposableContent(ComposeUiTest.android.kt:505)
at androidx.compose.ui.test.AndroidComposeUiTestEnvironment$runTest$1$1$1$1$1$1.invoke(ComposeUiTest.android.kt:333)
at androidx.compose.ui.test.AndroidComposeUiTestEnvironment.withComposeIdlingResource(ComposeUiTest.android.kt:385)
at androidx.compose.ui.test.AndroidComposeUiTestEnvironment.access$withComposeIdlingResource(ComposeUiTest.android.kt:219)
at androidx.compose.ui.test.AndroidComposeUiTestEnvironment$runTest$1$1$1$1$1.invoke(ComposeUiTest.android.kt:332)
at androidx.compose.ui.test.AndroidComposeUiTestEnvironment.withWindowRecomposer(ComposeUiTest.android.kt:359)
at androidx.compose.ui.test.AndroidComposeUiTestEnvironment.access$withWindowRecomposer(ComposeUiTest.android.kt:219)
at androidx.compose.ui.test.AndroidComposeUiTestEnvironment$runTest$1$1$1$1.invoke(ComposeUiTest.android.kt:331)
at androidx.compose.ui.test.AndroidComposeUiTestEnvironment.withTestCoroutines(ComposeUiTest.android.kt:372)
at androidx.compose.ui.test.AndroidComposeUiTestEnvironment.access$withTestCoroutines(ComposeUiTest.android.kt:219)
at androidx.compose.ui.test.AndroidComposeUiTestEnvironment$runTest$1$1$1.invoke(ComposeUiTest.android.kt:330)
at androidx.compose.ui.test.EspressoLink.withStrategy(EspressoLink.android.kt:66)
at androidx.compose.ui.test.AndroidComposeUiTestEnvironment$runTest$1$1.invoke(ComposeUiTest.android.kt:329)
at androidx.compose.ui.test.IdlingResourceRegistry.withRegistry(IdlingResourceRegistry.jvm.kt:155)
at androidx.compose.ui.test.AndroidComposeUiTestEnvironment$runTest$1.invoke(ComposeUiTest.android.kt:328)
at androidx.compose.ui.test.ComposeRootRegistry.withRegistry(ComposeRootRegistry.android.kt:146)
at androidx.compose.ui.test.AndroidComposeUiTestEnvironment.runTest(ComposeUiTest.android.kt:327)
at androidx.compose.ui.test.junit4.AndroidComposeTestRule$apply$1.evaluate(AndroidComposeTestRule.android.kt:271)
at dagger.hilt.android.internal.testing.MarkThatRulesRanRule$1.evaluate(MarkThatRulesRanRule.java:108)
at org.junit.runners.ParentRunner$3.evaluate(ParentRunner.java:306)
at org.junit.runners.BlockJUnit4ClassRunner$1.evaluate(BlockJUnit4ClassRunner.java:100)
at org.junit.runners.ParentRunner.runLeaf(ParentRunner.java:366)
at org.junit.runners.BlockJUnit4ClassRunner.runChild(BlockJUnit4ClassRunner.java:103)
at org.junit.runners.BlockJUnit4ClassRunner.runChild(BlockJUnit4ClassRunner.java:63)
at org.junit.runners.ParentRunner$4.run(ParentRunner.java:331)
at org.junit.runners.ParentRunner$1.schedule(ParentRunner.java:79)
at org.junit.runners.ParentRunner.runChildren(ParentRunner.java:329)
at org.junit.runners.ParentRunner.access$100(ParentRunner.java:66)
at org.junit.runners.ParentRunner$2.evaluate(ParentRunner.java:293)
at org.junit.runners.ParentRunner$3.evaluate(ParentRunner.java:306)
at org.junit.runners.ParentRunner.run(ParentRunner.java:413)
at org.junit.runners.Suite.runChild(Suite.java:128)
at org.junit.runners.Suite.runChild(Suite.java:27)
at org.junit.runners.ParentRunner$4.run(ParentRunner.java:331)
at org.junit.runners.ParentRunner$1.schedule(ParentRunner.java:79)
at org.junit.runners.ParentRunner.runChildren(ParentRunner.java:329)
at org.junit.runners.ParentRunner.access$100(ParentRunner.java:66)
at org.junit.runners.ParentRunner$2.evaluate(ParentRunner.java:293)
at org.junit.runners.ParentRunner$3.evaluate(ParentRunner.java:306)
at org.junit.runners.ParentRunner.run(ParentRunner.java:413)
at org.junit.runner.JUnitCore.run(JUnitCore.java:137)
at org.junit.runner.JUnitCore.run(JUnitCore.java:115)
at androidx.test.internal.runner.TestExecutor.execute(TestExecutor.java:68)
at androidx.test.internal.runner.TestExecutor.execute(TestExecutor.java:59)
at androidx.test.runner.AndroidJUnitRunner.onStart(AndroidJUnitRunner.java:463)
at android.app.Instrumentation$InstrumentationThread.run(Instrumentation.java:2597)
</failure>
  </testcase>
</testsuite>